2018-10-15 17:40:56,632 [      0]   INFO -        #com.intellij.idea.Main - ------------------------------------------------------ IDE STARTED ------------------------------------------------------ 
2018-10-15 17:40:56,779 [    147]   INFO -        #com.intellij.idea.Main - IDE: IntelliJ IDEA (build #IC-181.5540.7, 11 Jul 2018 09:56) 
2018-10-15 17:40:56,779 [    147]   INFO -        #com.intellij.idea.Main - OS: Windows 10 (10.0, amd64) 
2018-10-15 17:40:56,779 [    147]   INFO -        #com.intellij.idea.Main - JRE: 1.8.0_152-release-1136-b39 (JetBrains s.r.o) 
2018-10-15 17:40:56,779 [    147]   INFO -        #com.intellij.idea.Main - JVM: 25.152-b39 (OpenJDK 64-Bit Server VM) 
2018-10-15 17:40:56,784 [    152]   INFO -        #com.intellij.idea.Main - JVM Args: -Didea.classpath.index.enabled=false -Didea.config.path=C:\Users\05849227954\IdeaProjects\save-my-instances\build\idea-sandbox\config -Didea.is.internal=true -Didea.platform.prefix=Idea -Didea.plugins.path=C:\Users\05849227954\IdeaProjects\save-my-instances\build\idea-sandbox\plugins -Didea.required.plugins.id=com.yuricfurusho -Didea.system.path=C:\Users\05849227954\IdeaProjects\save-my-instances\build\idea-sandbox\system -agentlib:jdwp=transport=dt_socket,server=n,suspend=y,address=65120 -XX:MaxPermSize=250m -Xms256m -Xmx512m -Dfile.encoding=windows-1252 -Duser.country=BR -Duser.language=pt -Duser.variant -ea 
2018-10-15 17:40:56,785 [    153]   INFO -        #com.intellij.idea.Main - ext: C:\Users\05849227954\.gradle\caches\modules-2\files-2.1\com.jetbrains\jbre\jbrex8u152b1136.39_windows_x64\jre\lib\ext: [access-bridge-64.jar, cldrdata.jar, dnsns.jar, jaccess.jar, jfxrt.jar, localedata.jar, meta-index, nashorn.jar, sunec.jar, sunjce_provider.jar, sunmscapi.jar, sunpkcs11.jar, zipfs.jar] 
2018-10-15 17:40:56,785 [    153]   INFO -        #com.intellij.idea.Main - JNU charset: Cp1252 
2018-10-15 17:40:56,872 [    240]   INFO -        #com.intellij.idea.Main - JNA library (64-bit) loaded in 86 ms 
2018-10-15 17:40:56,877 [    245]   INFO - penapi.util.io.win32.IdeaWin32 - Native filesystem for Windows is operational 
2018-10-15 17:40:56,941 [    309]   INFO -     #com.intellij.util.ui.JBUI - User scale factor: 1.0 
2018-10-15 17:40:56,941 [    309]   INFO -     #com.intellij.util.ui.JBUI - System scale factor: 1.0 (JRE-managed HiDPI) 
2018-10-15 17:40:57,587 [    955]   INFO - .intellij.idea.IdeaApplication - CPU cores: 4; ForkJoinPool.commonPool: java.util.concurrent.ForkJoinPool@2e638dfe[Running, parallelism = 3, size = 0, active = 0, running = 0, steals = 0, tasks = 0, submissions = 0]; factory: com.intellij.concurrency.IdeaForkJoinWorkerThreadFactory@1237c35 
2018-10-15 17:40:58,411 [   1779]   INFO - llij.ide.plugins.PluginManager - Cannot find optional descriptor duplicates-groovy.xml 
2018-10-15 17:40:59,758 [   3126]   INFO - llij.ide.plugins.PluginManager - 35 plugins initialized in 1904 ms 
2018-10-15 17:40:59,945 [   3313]   INFO - llij.ide.plugins.PluginManager - Loaded bundled plugins: Android Support (10.3.0), Ant Support (1.0), Bytecode Viewer (0.1), CVS Integration (11), Copyright (8.1), Coverage (181.5540.7), Eclipse Integration (3.0), EditorConfig (181.5540.7), Git Integration (8.1), GitHub (181.5540.7), Gradle (181.5540.7), Groovy (9.0), I18n for Java (181.5540.7), IDEA CORE (181.5540.7), IntelliLang (8.0), JUnit (1.0), Java Bytecode Decompiler (181.5540.7), Java Stream Debugger (181.5540.7), JavaFX (1.0), Kotlin (1.2.31-release-IJ2018.1-1), Maven Integration (181.5540.7), Mercurial Integration (10.0), Plugin DevKit (1.0), Properties Support (181.5540.7), Settings Repository (181.5540.7), Smali Support (1.0), Subversion Integration (1.1), Task Management (1.0), Terminal (0.1), TestNG-J (8.0), UI Designer (181.5540.7), XPathView + XSLT Support (4), XSLT-Debugger (1.4), YAML (181.5540.7) 
2018-10-15 17:40:59,945 [   3313]   INFO - llij.ide.plugins.PluginManager - Loaded custom plugins: save-my-instances (1.0-SNAPSHOT) 
2018-10-15 17:41:04,438 [   7806]   INFO - ellij.vfs.persistent.FSRecords - Marking VFS as corrupted: 'C:\Users\05849227954\IdeaProjects\save-my-instances\build\idea-sandbox\system\caches\names.dat' does not exist 
2018-10-15 17:41:04,442 [   7810]   INFO - ellij.util.io.PagedFileStorage - lower=100; upper=435; buffer=10; max=435 
2018-10-15 17:41:04,545 [   7913]   INFO - pl.local.NativeFileWatcherImpl - Starting file watcher: C:\Users\05849227954\.gradle\caches\modules-2\files-2.1\com.jetbrains.intellij.idea\ideaIC\2018.1.6\12f4ce774ed2141cf1d4481c251880ea363b1124\ideaIC-2018.1.6\bin\win\fsnotifier64.exe 
2018-10-15 17:41:04,577 [   7945]   INFO - pl.local.NativeFileWatcherImpl - Native file watcher is operational. 
2018-10-15 17:41:05,596 [   8964]   WARN - nSystem.impl.ActionManagerImpl - keymap "Xcode" not found [Plugin: Git4Idea] 
2018-10-15 17:41:05,657 [   9025]   WARN - nSystem.impl.ActionManagerImpl - keymap "Xcode" not found [Plugin: hg4idea] 
2018-10-15 17:41:05,757 [   9125]   INFO - .history.utils.LocalHistoryLog - local history version mismatch (was: 0, expected: 6), rebuilding... 
2018-10-15 17:41:05,757 [   9125]   INFO - .history.utils.LocalHistoryLog - FS has been rebuild, rebuilding local history... 
2018-10-15 17:41:05,921 [   9289]   INFO - .openapi.application.Preloader - Finished preloading com.intellij.ide.ui.OptionsTopHitProvider$Activity@42867ad2 
2018-10-15 17:41:06,056 [   9424]   INFO - til.net.ssl.CertificateManager - Default SSL context initialized 
2018-10-15 17:41:06,125 [   9493]   INFO - rains.ide.BuiltInServerManager - built-in server started, port 63344 
2018-10-15 17:41:06,160 [   9528]   INFO - gs.impl.UpdateCheckerComponent - channel: release 
2018-10-15 17:41:06,629 [   9997]   INFO - il.indexing.FileBasedIndexImpl - Index exts enumerated:402, number of extensions:44 
2018-10-15 17:41:06,643 [  10011]   INFO - il.indexing.FileBasedIndexImpl - Index scheduled:14 
2018-10-15 17:41:06,828 [  10196]   INFO - tellij.psi.stubs.StubIndexImpl - All stub exts enumerated:182, number of extensions:49 
2018-10-15 17:41:06,829 [  10197]   INFO - tellij.psi.stubs.StubIndexImpl - stub exts update scheduled:0 
2018-10-15 17:41:07,566 [  10934]   INFO - plication.impl.ApplicationImpl - 89 application components initialized in 9716ms 
2018-10-15 17:41:07,579 [  10947]   INFO - .intellij.idea.IdeaApplication - App initialization took 11823 ms 
2018-10-15 17:41:07,580 [  10948]   INFO - llij.ide.plugins.PluginManager - org.jetbrains.kotlin loaded 336 classes 
2018-10-15 17:41:07,580 [  10948]   INFO - llij.ide.plugins.PluginManager - org.jetbrains.android loaded 125 classes 
2018-10-15 17:41:07,580 [  10948]   INFO - llij.ide.plugins.PluginManager - org.intellij.groovy loaded 124 classes 
2018-10-15 17:41:07,580 [  10948]   INFO - llij.ide.plugins.PluginManager - org.jetbrains.idea.maven loaded 43 classes 
2018-10-15 17:41:07,580 [  10948]   INFO - llij.ide.plugins.PluginManager - CVS loaded 40 classes 
2018-10-15 17:41:07,580 [  10948]   INFO - llij.ide.plugins.PluginManager - org.jetbrains.settingsRepository loaded 31 classes 
2018-10-15 17:41:07,580 [  10948]   INFO - llij.ide.plugins.PluginManager - com.intellij.properties loaded 15 classes 
2018-10-15 17:41:07,580 [  10948]   INFO - llij.ide.plugins.PluginManager - com.intellij.tasks loaded 14 classes 
2018-10-15 17:41:07,580 [  10948]   INFO - llij.ide.plugins.PluginManager - XPathView loaded 14 classes 
2018-10-15 17:41:07,580 [  10948]   INFO - llij.ide.plugins.PluginManager - hg4idea loaded 13 classes 
2018-10-15 17:41:07,580 [  10948]   INFO - llij.ide.plugins.PluginManager - Git4Idea loaded 13 classes 
2018-10-15 17:41:07,580 [  10948]   INFO - llij.ide.plugins.PluginManager - Subversion loaded 12 classes 
2018-10-15 17:41:07,580 [  10948]   INFO - llij.ide.plugins.PluginManager - org.jetbrains.plugins.javaFX loaded 10 classes 
2018-10-15 17:41:07,580 [  10948]   INFO - llij.ide.plugins.PluginManager - org.jetbrains.plugins.github loaded 10 classes 
2018-10-15 17:41:07,580 [  10948]   INFO - llij.ide.plugins.PluginManager - com.intellij.uiDesigner loaded 9 classes 
2018-10-15 17:41:07,580 [  10948]   INFO - llij.ide.plugins.PluginManager - AntSupport loaded 7 classes 
2018-10-15 17:41:07,580 [  10948]   INFO - llij.ide.plugins.PluginManager - DevKit loaded 6 classes 
2018-10-15 17:41:07,580 [  10948]   INFO - llij.ide.plugins.PluginManager - org.jetbrains.plugins.gradle loaded 6 classes 
2018-10-15 17:41:07,581 [  10949]   INFO - llij.ide.plugins.PluginManager - org.jetbrains.plugins.yaml loaded 4 classes 
2018-10-15 17:41:07,581 [  10949]   INFO - llij.ide.plugins.PluginManager - com.android.tools.idea.smali loaded 3 classes 
2018-10-15 17:41:07,581 [  10949]   INFO - llij.ide.plugins.PluginManager - org.jetbrains.idea.eclipse loaded 2 classes 
2018-10-15 17:41:07,581 [  10949]   INFO - llij.ide.plugins.PluginManager - Coverage loaded 1 classes 
2018-10-15 17:41:07,581 [  10949]   INFO - llij.ide.plugins.PluginManager - com.intellij.copyright loaded 1 classes 
2018-10-15 17:41:08,298 [  11666]   INFO - pi.util.registry.RegistryValue - Registry value 'java.completion.argument.hints' has changed to 'false" 
2018-10-15 17:41:08,299 [  11667]   INFO - pi.util.registry.RegistryValue - Registry value 'java.completion.argument.hints.internal' has changed to 'false" 
2018-10-15 17:41:08,336 [  11704]   INFO - com.intellij.ide.ui.UISettings - Loaded: fontSize=12, fontScale=1.0; restored: fontSize=12, fontScale=1.0 
2018-10-15 17:41:09,018 [  12386]   INFO - j.ide.ui.OptionsTopHitProvider - 965 ms spent to cache options in application 
2018-10-15 17:41:09,212 [  12580]   INFO - ij.psi.stubs.StubUpdatingIndex - Following new file types will be indexed:Kotlin,Properties,Groovy,CLASS,KJSM,kotlin_builtins,XML,HTML,JAVA 
2018-10-15 17:41:11,406 [  14774]   INFO - .openapi.application.Preloader - Finished preloading com.intellij.openapi.actionSystem.impl.ActionPreloader@6ff1bc63 
2018-10-15 17:41:12,356 [  15724]   INFO - pl$FileIndexDataInitialization - Initialization done:5712 
2018-10-15 17:41:14,268 [  17636]   INFO - exImpl$StubIndexInitialization - Initialization done:1910 
2018-10-15 17:41:14,477 [  17845]   INFO - .openapi.application.Preloader - Finished preloading com.intellij.ide.ui.search.SearchableOptionPreloader@41c00101 
2018-10-15 17:41:15,040 [  18408]   INFO - .openapi.application.Preloader - Finished preloading com.intellij.codeInsight.completion.CompletionPreloader@32bf3648 
2018-10-15 17:41:15,045 [  18413]   INFO - .openapi.application.Preloader - Finished preloading com.intellij.ide.actions.GotoClassPresentationUpdater@409eb11c 
2018-10-15 17:44:27,987 [ 211355]   INFO - ellij.project.impl.ProjectImpl - 20 project components initialized in 513 ms 
2018-10-15 17:44:45,476 [ 228844]   INFO - ellij.project.impl.ProjectImpl - 154 project components initialized in 1334 ms 
2018-10-15 17:44:45,476 [ 228844]   INFO - le.impl.ModuleManagerComponent - 0 module(s) loaded in 0 ms 
2018-10-15 17:44:45,847 [ 229215]   INFO - j.ide.script.IdeStartupScripts - 0 startup script(s) found 
2018-10-15 17:44:46,626 [ 229994]   INFO - ntellij.internal.IconsLoadTime - IMG load time: total=186,68ms, average=1,87ms, median=0,29ms; number of icons: 100 
2018-10-15 17:44:46,822 [ 230190]   INFO - CompilerBackwardReferenceIndex - backward reference index version differ due to: class java.io.FileNotFoundException 
2018-10-15 17:44:47,097 [ 230465]   INFO - ntellij.internal.IconsLoadTime - IMG load time: ide_startup=233,11ms, average=2,10ms, median=0,17ms; number of icons: 111 
2018-10-15 17:44:47,180 [ 230548]   INFO - ge.ExternalProjectsDataStorage - Loaded external projects data in 5 millis 
2018-10-15 17:44:47,263 [ 230631]   INFO - .diagnostic.PerformanceWatcher - Post-startup activities under progress took 218ms; general responsiveness: ok; EDT responsiveness: ok 
2018-10-15 17:44:47,316 [ 230684]   INFO - penapi.project.DumbServiceImpl - Running dumb mode task: com.intellij.util.indexing.UnindexedFilesUpdater@52c25d9a 
2018-10-15 17:44:47,379 [ 230747]   INFO - .diagnostic.PerformanceWatcher - Pushing properties took 1ms; general responsiveness: ok; EDT responsiveness: ok 
2018-10-15 17:44:47,725 [ 231093]   INFO - tartup.impl.StartupManagerImpl - C:/Users/05849227954/IdeaProjects/untitled5/.idea case-sensitivity: expected=false actual=false 
2018-10-15 17:44:47,745 [ 231113]   INFO - pl.projectlevelman.NewMappings - VCS Root: [] - [<Project>] 
2018-10-15 17:44:47,820 [ 231188]   INFO - tor.impl.FileEditorManagerImpl - Project opening took 3706 ms 
2018-10-15 17:44:47,821 [ 231189]   INFO - llij.ide.plugins.PluginManager - org.jetbrains.kotlin loaded 2266 classes 
2018-10-15 17:44:47,821 [ 231189]   INFO - llij.ide.plugins.PluginManager - org.jetbrains.android loaded 1215 classes 
2018-10-15 17:44:47,821 [ 231189]   INFO - llij.ide.plugins.PluginManager - org.intellij.groovy loaded 513 classes 
2018-10-15 17:44:47,821 [ 231189]   INFO - llij.ide.plugins.PluginManager - org.jetbrains.idea.maven loaded 237 classes 
2018-10-15 17:44:47,821 [ 231189]   INFO - llij.ide.plugins.PluginManager - com.intellij.uiDesigner loaded 208 classes 
2018-10-15 17:44:47,821 [ 231189]   INFO - llij.ide.plugins.PluginManager - Git4Idea loaded 112 classes 
2018-10-15 17:44:47,821 [ 231189]   INFO - llij.ide.plugins.PluginManager - org.jetbrains.debugger.streams loaded 107 classes 
2018-10-15 17:44:47,821 [ 231189]   INFO - llij.ide.plugins.PluginManager - com.intellij.tasks loaded 103 classes 
2018-10-15 17:44:47,821 [ 231189]   INFO - llij.ide.plugins.PluginManager - org.jetbrains.plugins.gradle loaded 82 classes 
2018-10-15 17:44:47,821 [ 231189]   INFO - llij.ide.plugins.PluginManager - CVS loaded 81 classes 
2018-10-15 17:44:47,821 [ 231189]   INFO - llij.ide.plugins.PluginManager - XPathView loaded 64 classes 
2018-10-15 17:44:47,821 [ 231189]   INFO - llij.ide.plugins.PluginManager - Subversion loaded 61 classes 
2018-10-15 17:44:47,821 [ 231189]   INFO - llij.ide.plugins.PluginManager - com.intellij.properties loaded 47 classes 
2018-10-15 17:44:47,821 [ 231189]   INFO - llij.ide.plugins.PluginManager - hg4idea loaded 46 classes 
2018-10-15 17:44:47,822 [ 231190]   INFO - llij.ide.plugins.PluginManager - DevKit loaded 45 classes 
2018-10-15 17:44:47,822 [ 231190]   INFO - llij.ide.plugins.PluginManager - org.jetbrains.settingsRepository loaded 37 classes 
2018-10-15 17:44:47,822 [ 231190]   INFO - llij.ide.plugins.PluginManager - Coverage loaded 33 classes 
2018-10-15 17:44:47,822 [ 231190]   INFO - llij.ide.plugins.PluginManager - AntSupport loaded 28 classes 
2018-10-15 17:44:47,822 [ 231190]   INFO - llij.ide.plugins.PluginManager - org.jetbrains.plugins.github loaded 23 classes 
2018-10-15 17:44:47,822 [ 231190]   INFO - llij.ide.plugins.PluginManager - org.jetbrains.plugins.javaFX loaded 20 classes 
2018-10-15 17:44:47,822 [ 231190]   INFO - llij.ide.plugins.PluginManager - org.jetbrains.plugins.yaml loaded 15 classes 
2018-10-15 17:44:47,822 [ 231190]   INFO - llij.ide.plugins.PluginManager - JUnit loaded 14 classes 
2018-10-15 17:44:47,822 [ 231190]   INFO - llij.ide.plugins.PluginManager - TestNG-J loaded 13 classes 
2018-10-15 17:44:47,822 [ 231190]   INFO - llij.ide.plugins.PluginManager - org.editorconfig.editorconfigjetbrains loaded 9 classes 
2018-10-15 17:44:47,822 [ 231190]   INFO - llij.ide.plugins.PluginManager - org.jetbrains.plugins.terminal loaded 9 classes 
2018-10-15 17:44:47,822 [ 231190]   INFO - llij.ide.plugins.PluginManager - org.jetbrains.java.decompiler loaded 7 classes 
2018-10-15 17:44:47,822 [ 231190]   INFO - llij.ide.plugins.PluginManager - com.intellij.copyright loaded 6 classes 
2018-10-15 17:44:47,822 [ 231190]   INFO - llij.ide.plugins.PluginManager - com.android.tools.idea.smali loaded 5 classes 
2018-10-15 17:44:47,822 [ 231190]   INFO - llij.ide.plugins.PluginManager - org.intellij.intelliLang loaded 5 classes 
2018-10-15 17:44:47,822 [ 231190]   INFO - llij.ide.plugins.PluginManager - com.intellij.java-i18n loaded 4 classes 
2018-10-15 17:44:47,822 [ 231190]   INFO - llij.ide.plugins.PluginManager - com.yuricfurusho loaded 3 classes 
2018-10-15 17:44:47,822 [ 231190]   INFO - llij.ide.plugins.PluginManager - org.jetbrains.idea.eclipse loaded 3 classes 
2018-10-15 17:44:47,822 [ 231190]   INFO - llij.ide.plugins.PluginManager - XSLT-Debugger loaded 2 classes 
2018-10-15 17:44:47,822 [ 231190]   INFO - llij.ide.plugins.PluginManager - ByteCodeViewer loaded 2 classes 
2018-10-15 17:44:47,876 [ 231244]   INFO - .diagnostic.PerformanceWatcher - Indexable file iteration took 494ms; general responsiveness: ok; EDT responsiveness: 1/1 sluggish 
2018-10-15 17:44:47,878 [ 231246]   INFO - indexing.UnindexedFilesUpdater - Unindexed files update started: 219 files to update 
2018-10-15 17:44:49,569 [ 232937]   INFO - .diagnostic.PerformanceWatcher - Unindexed files update took 1692ms; general responsiveness: ok; EDT responsiveness: ok 
2018-10-15 17:44:49,570 [ 232938]   INFO - penapi.project.DumbServiceImpl - Running dumb mode task: initial refresh 
2018-10-15 17:44:49,572 [ 232940]   INFO - penapi.project.DumbServiceImpl - updateFinished 
2018-10-15 17:44:49,573 [ 232941]   INFO - g.FileBasedIndexProjectHandler - Has changed files: false; project=Project 'C:\Users\05849227954\IdeaProjects\untitled5' untitled5 
2018-10-15 17:44:50,026 [ 233394]   INFO - j.ide.ui.OptionsTopHitProvider - 198 ms spent to cache options in project 
2018-10-15 17:44:50,091 [ 233459]   INFO - penapi.project.DumbServiceImpl - Running dumb mode task: com.android.tools.idea.res.ResourceFolderRepositoryFileCacheImpl$PruneTask@f046628 
2018-10-15 17:44:50,114 [ 233482]   INFO - penapi.project.DumbServiceImpl - Running dumb mode task: com.android.tools.idea.res.ResourceFolderRepositoryFileCacheImpl$ManageLruProjectFilesTask@18f029d5 
2018-10-15 17:44:50,141 [ 233509]   INFO - penapi.project.DumbServiceImpl - updateFinished 
2018-10-15 17:44:50,142 [ 233510]   INFO - g.FileBasedIndexProjectHandler - Has changed files: false; project=Project 'C:\Users\05849227954\IdeaProjects\untitled5' untitled5 
2018-10-15 17:44:50,157 [ 233525]   INFO - penapi.project.DumbServiceImpl - Running dumb mode task: com.android.tools.idea.res.ResourceFolderRegistry$PopulateCachesTask@325ece60 
2018-10-15 17:44:50,166 [ 233534]   INFO - penapi.project.DumbServiceImpl - updateFinished 
2018-10-15 17:44:50,167 [ 233535]   INFO - g.FileBasedIndexProjectHandler - Has changed files: false; project=Project 'C:\Users\05849227954\IdeaProjects\untitled5' untitled5 
2018-10-15 17:44:50,480 [ 233848]   INFO - CompilerWorkspaceConfiguration - Available processors: 4 
2018-10-15 17:45:00,238 [ 243606]   INFO - rojectCodeStyleSettingsManager - Initialized from default code style settings. 
2018-10-15 17:45:01,618 [ 244986]   INFO -       ScriptTemplatesProviders - [kts] loading script definitions [] using cp:  
2018-10-15 17:46:48,278 [      0]   INFO -        #com.intellij.idea.Main - ------------------------------------------------------ IDE STARTED ------------------------------------------------------ 
2018-10-15 17:46:48,413 [    135]   INFO -        #com.intellij.idea.Main - IDE: IntelliJ IDEA (build #IC-181.5540.7, 11 Jul 2018 09:48) 
2018-10-15 17:46:48,413 [    135]   INFO -        #com.intellij.idea.Main - OS: Windows 10 (10.0, amd64) 
2018-10-15 17:46:48,413 [    135]   INFO -        #com.intellij.idea.Main - JRE: 1.8.0_152-release-1136-b39 (JetBrains s.r.o) 
2018-10-15 17:46:48,413 [    135]   INFO -        #com.intellij.idea.Main - JVM: 25.152-b39 (OpenJDK 64-Bit Server VM) 
2018-10-15 17:46:48,416 [    138]   INFO -        #com.intellij.idea.Main - JVM Args: -Didea.classpath.index.enabled=false -Didea.config.path=C:\Users\05849227954\IdeaProjects\save-my-instances\build\idea-sandbox\config -Didea.is.internal=true -Didea.platform.prefix=Idea -Didea.plugins.path=C:\Users\05849227954\IdeaProjects\save-my-instances\build\idea-sandbox\plugins -Didea.required.plugins.id=com.yuricfurusho -Didea.system.path=C:\Users\05849227954\IdeaProjects\save-my-instances\build\idea-sandbox\system -agentlib:jdwp=transport=dt_socket,server=n,suspend=y,address=49538 -XX:MaxPermSize=250m -Xms256m -Xmx512m -Dfile.encoding=windows-1252 -Duser.country=BR -Duser.language=pt -Duser.variant -ea 
2018-10-15 17:46:48,416 [    138]   INFO -        #com.intellij.idea.Main - ext: C:\Users\05849227954\.gradle\caches\modules-2\files-2.1\com.jetbrains\jbre\jbrex8u152b1136.39_windows_x64\jre\lib\ext: [access-bridge-64.jar, cldrdata.jar, dnsns.jar, jaccess.jar, jfxrt.jar, localedata.jar, meta-index, nashorn.jar, sunec.jar, sunjce_provider.jar, sunmscapi.jar, sunpkcs11.jar, zipfs.jar] 
2018-10-15 17:46:48,416 [    138]   INFO -        #com.intellij.idea.Main - JNU charset: Cp1252 
2018-10-15 17:46:48,486 [    208]   INFO -        #com.intellij.idea.Main - JNA library (64-bit) loaded in 69 ms 
2018-10-15 17:46:48,492 [    214]   INFO - penapi.util.io.win32.IdeaWin32 - Native filesystem for Windows is operational 
2018-10-15 17:46:48,541 [    263]   INFO -     #com.intellij.util.ui.JBUI - User scale factor: 1.0 
2018-10-15 17:46:48,541 [    263]   INFO -     #com.intellij.util.ui.JBUI - System scale factor: 1.0 (JRE-managed HiDPI) 
2018-10-15 17:46:49,076 [    798]   INFO - .intellij.idea.IdeaApplication - CPU cores: 4; ForkJoinPool.commonPool: java.util.concurrent.ForkJoinPool@37a41a8e[Running, parallelism = 3, size = 0, active = 0, running = 0, steals = 0, tasks = 0, submissions = 0]; factory: com.intellij.concurrency.IdeaForkJoinWorkerThreadFactory@f22d4b 
2018-10-15 17:46:49,752 [   1474]   INFO - llij.ide.plugins.PluginManager - Cannot find optional descriptor duplicates-groovy.xml 
2018-10-15 17:46:50,644 [   2366]   INFO - llij.ide.plugins.PluginManager - 35 plugins initialized in 1334 ms 
2018-10-15 17:46:50,722 [   2444]   INFO - llij.ide.plugins.PluginManager - Loaded bundled plugins: Android Support (10.3.0), Ant Support (1.0), Bytecode Viewer (0.1), CVS Integration (11), Copyright (8.1), Coverage (181.5540.7), Eclipse Integration (3.0), EditorConfig (181.5540.7), Git Integration (8.1), GitHub (181.5540.7), Gradle (181.5540.7), Groovy (9.0), I18n for Java (181.5540.7), IDEA CORE (181.5540.7), IntelliLang (8.0), JUnit (1.0), Java Bytecode Decompiler (181.5540.7), Java Stream Debugger (181.5540.7), JavaFX (1.0), Kotlin (1.2.31-release-IJ2018.1-1), Maven Integration (181.5540.7), Mercurial Integration (10.0), Plugin DevKit (1.0), Properties Support (181.5540.7), Settings Repository (181.5540.7), Smali Support (1.0), Subversion Integration (1.1), Task Management (1.0), Terminal (0.1), TestNG-J (8.0), UI Designer (181.5540.7), XPathView + XSLT Support (4), XSLT-Debugger (1.4), YAML (181.5540.7) 
2018-10-15 17:46:50,722 [   2444]   INFO - llij.ide.plugins.PluginManager - Loaded custom plugins: save-my-instances (1.0-SNAPSHOT) 
2018-10-15 17:46:54,191 [   5913]   INFO - ellij.util.io.PagedFileStorage - lower=100; upper=435; buffer=10; max=435 
2018-10-15 17:46:54,227 [   5949]   INFO - ellij.vfs.persistent.FSRecords - Filesystem storage is corrupted or does not exist. [Re]Building. Reason: FS repository wasn't safely shut down 
2018-10-15 17:46:54,253 [   5975]   INFO - ellij.vfs.persistent.FSRecords - Marking VFS as corrupted: 'C:\Users\05849227954\IdeaProjects\save-my-instances\build\idea-sandbox\system\caches\names.dat' does not exist 
2018-10-15 17:46:54,294 [   6016]   INFO - pl.local.NativeFileWatcherImpl - Starting file watcher: C:\Users\05849227954\.gradle\caches\modules-2\files-2.1\com.jetbrains.intellij.idea\ideaIC\2018.1.6\12f4ce774ed2141cf1d4481c251880ea363b1124\ideaIC-2018.1.6\bin\win\fsnotifier64.exe 
2018-10-15 17:46:54,322 [   6044]   INFO - pl.local.NativeFileWatcherImpl - Native file watcher is operational. 
2018-10-15 17:46:54,601 [   6323]   INFO - pi.util.registry.RegistryState - Registry values changed by user: 
2018-10-15 17:46:54,601 [   6323]   INFO - pi.util.registry.RegistryState -   java.completion.argument.hints.internal = false 
2018-10-15 17:46:55,176 [   6898]   WARN - nSystem.impl.ActionManagerImpl - keymap "Xcode" not found [Plugin: Git4Idea] 
2018-10-15 17:46:55,217 [   6939]   WARN - nSystem.impl.ActionManagerImpl - keymap "Xcode" not found [Plugin: hg4idea] 
2018-10-15 17:46:55,299 [   7021]   INFO - .history.utils.LocalHistoryLog - FS has been rebuild, rebuilding local history... 
2018-10-15 17:46:55,461 [   7183]   INFO - .openapi.application.Preloader - Finished preloading com.intellij.ide.ui.OptionsTopHitProvider$Activity@3a561f59 
2018-10-15 17:46:55,577 [   7299]   INFO - til.net.ssl.CertificateManager - Default SSL context initialized 
2018-10-15 17:46:55,627 [   7349]   INFO - rains.ide.BuiltInServerManager - built-in server started, port 63344 
2018-10-15 17:46:55,667 [   7389]   INFO - gs.impl.UpdateCheckerComponent - channel: release 
2018-10-15 17:46:55,964 [   7686]   INFO - il.indexing.FileBasedIndexImpl - Index exts enumerated:231, number of extensions:44 
2018-10-15 17:46:55,969 [   7691]   INFO - il.indexing.FileBasedIndexImpl - Index scheduled:3 
2018-10-15 17:46:55,995 [   7717]   INFO - tellij.psi.stubs.StubIndexImpl - All stub exts enumerated:21, number of extensions:49 
2018-10-15 17:46:55,996 [   7718]   INFO - tellij.psi.stubs.StubIndexImpl - stub exts update scheduled:0 
2018-10-15 17:46:56,253 [   7975]   INFO - plication.impl.ApplicationImpl - 89 application components initialized in 6949ms 
2018-10-15 17:46:56,276 [   7998]   INFO - .intellij.idea.IdeaApplication - App initialization took 9791 ms 
2018-10-15 17:46:56,278 [   8000]   INFO - llij.ide.plugins.PluginManager - org.jetbrains.kotlin loaded 317 classes 
2018-10-15 17:46:56,278 [   8000]   INFO - llij.ide.plugins.PluginManager - org.jetbrains.android loaded 93 classes 
2018-10-15 17:46:56,278 [   8000]   INFO - llij.ide.plugins.PluginManager - org.intellij.groovy loaded 55 classes 
2018-10-15 17:46:56,278 [   8000]   INFO - llij.ide.plugins.PluginManager - org.jetbrains.idea.maven loaded 39 classes 
2018-10-15 17:46:56,278 [   8000]   INFO - llij.ide.plugins.PluginManager - CVS loaded 33 classes 
2018-10-15 17:46:56,278 [   8000]   INFO - llij.ide.plugins.PluginManager - org.jetbrains.settingsRepository loaded 30 classes 
2018-10-15 17:46:56,278 [   8000]   INFO - llij.ide.plugins.PluginManager - XPathView loaded 14 classes 
2018-10-15 17:46:56,279 [   8001]   INFO - llij.ide.plugins.PluginManager - hg4idea loaded 13 classes 
2018-10-15 17:46:56,279 [   8001]   INFO - llij.ide.plugins.PluginManager - Subversion loaded 12 classes 
2018-10-15 17:46:56,279 [   8001]   INFO - llij.ide.plugins.PluginManager - org.jetbrains.plugins.github loaded 10 classes 
2018-10-15 17:46:56,279 [   8001]   INFO - llij.ide.plugins.PluginManager - org.jetbrains.plugins.javaFX loaded 10 classes 
2018-10-15 17:46:56,279 [   8001]   INFO - llij.ide.plugins.PluginManager - com.intellij.properties loaded 9 classes 
2018-10-15 17:46:56,279 [   8001]   INFO - llij.ide.plugins.PluginManager - Git4Idea loaded 9 classes 
2018-10-15 17:46:56,279 [   8001]   INFO - llij.ide.plugins.PluginManager - com.intellij.uiDesigner loaded 8 classes 
2018-10-15 17:46:56,279 [   8001]   INFO - llij.ide.plugins.PluginManager - AntSupport loaded 6 classes 
2018-10-15 17:46:56,280 [   8002]   INFO - llij.ide.plugins.PluginManager - com.intellij.tasks loaded 6 classes 
2018-10-15 17:46:56,280 [   8002]   INFO - llij.ide.plugins.PluginManager - DevKit loaded 6 classes 
2018-10-15 17:46:56,280 [   8002]   INFO - llij.ide.plugins.PluginManager - org.jetbrains.plugins.gradle loaded 4 classes 
2018-10-15 17:46:56,280 [   8002]   INFO - llij.ide.plugins.PluginManager - org.jetbrains.plugins.yaml loaded 4 classes 
2018-10-15 17:46:56,280 [   8002]   INFO - llij.ide.plugins.PluginManager - com.android.tools.idea.smali loaded 3 classes 
2018-10-15 17:46:56,280 [   8002]   INFO - llij.ide.plugins.PluginManager - org.jetbrains.idea.eclipse loaded 2 classes 
2018-10-15 17:46:56,280 [   8002]   INFO - llij.ide.plugins.PluginManager - Coverage loaded 1 classes 
2018-10-15 17:46:56,280 [   8002]   INFO - llij.ide.plugins.PluginManager - com.intellij.copyright loaded 1 classes 
2018-10-15 17:46:58,126 [   9848]   INFO - com.intellij.ide.ui.UISettings - Loaded: fontSize=12, fontScale=1.0; restored: fontSize=12, fontScale=1.0 
2018-10-15 17:46:58,498 [  10220]   INFO - stubs.SerializationManagerImpl - Name storage is repaired 
2018-10-15 17:46:58,972 [  10694]   INFO - .openapi.application.Preloader - Finished preloading com.intellij.openapi.actionSystem.impl.ActionPreloader@445efa8 
2018-10-15 17:46:59,314 [  11036]   INFO - ij.psi.stubs.StubUpdatingIndex - Following new file types will be indexed:HTML,kotlin_builtins,Groovy,KJSM,CLASS,Properties,JAVA,Kotlin,XML 
2018-10-15 17:47:00,661 [  12383]   INFO - ellij.project.impl.ProjectImpl - 154 project components initialized in 3155 ms 
2018-10-15 17:47:00,679 [  12401]   INFO - le.impl.ModuleManagerComponent - 0 module(s) loaded in 0 ms 
2018-10-15 17:47:01,347 [  13069]   INFO - pl$FileIndexDataInitialization - Initialization done:5378 
2018-10-15 17:47:01,863 [  13585]   INFO - j.ide.script.IdeStartupScripts - 0 startup script(s) found 
2018-10-15 17:47:01,991 [  13713]   INFO - .openapi.application.Preloader - Finished preloading com.intellij.ide.ui.search.SearchableOptionPreloader@4a35507f 
2018-10-15 17:47:02,257 [  13979]   INFO - .openapi.application.Preloader - Finished preloading com.intellij.codeInsight.completion.CompletionPreloader@3611f1ff 
2018-10-15 17:47:02,262 [  13984]   INFO - .openapi.application.Preloader - Finished preloading com.intellij.ide.actions.GotoClassPresentationUpdater@266b0722 
2018-10-15 17:47:02,353 [  14075]   INFO - exImpl$StubIndexInitialization - Initialization done:1004 
2018-10-15 17:47:02,811 [  14533]   INFO - CompilerBackwardReferenceIndex - backward reference index version differ due to: class java.io.FileNotFoundException 
2018-10-15 17:47:02,994 [  14716]   INFO - ntellij.internal.IconsLoadTime - IMG load time: ide_startup=1397,78ms, average=22,54ms, median=4,43ms; number of icons: 62 
2018-10-15 17:47:03,097 [  14819]   INFO - ge.ExternalProjectsDataStorage - Loaded external projects data in 5 millis 
2018-10-15 17:47:03,162 [  14884]   INFO - .diagnostic.PerformanceWatcher - Post-startup activities under progress took 203ms; general responsiveness: ok; EDT responsiveness: ok 
2018-10-15 17:47:03,270 [  14992]   INFO - penapi.project.DumbServiceImpl - Running dumb mode task: com.intellij.util.indexing.UnindexedFilesUpdater@4e5cc24b 
2018-10-15 17:47:03,276 [  14998]   INFO - .diagnostic.PerformanceWatcher - Pushing properties took 0ms; general responsiveness: ok; EDT responsiveness: ok 
2018-10-15 17:47:04,047 [  15769]   INFO - j.ide.ui.OptionsTopHitProvider - 444 ms spent to cache options in application 
2018-10-15 17:47:04,059 [  15781]   INFO - tartup.impl.StartupManagerImpl - C:/Users/05849227954/IdeaProjects/untitled5/.idea case-sensitivity: expected=false actual=false 
2018-10-15 17:47:04,071 [  15793]   INFO - .diagnostic.PerformanceWatcher - Indexable file iteration took 790ms; general responsiveness: ok; EDT responsiveness: 1/1 sluggish 
2018-10-15 17:47:04,072 [  15794]   INFO - indexing.UnindexedFilesUpdater - Unindexed files update started: 220 files to update 
2018-10-15 17:47:04,091 [  15813]   INFO - pl.projectlevelman.NewMappings - VCS Root: [] - [<Project>] 
2018-10-15 17:47:04,299 [  16021]   INFO - tor.impl.FileEditorManagerImpl - Project opening took 7235 ms 
2018-10-15 17:47:04,299 [  16021]   INFO - llij.ide.plugins.PluginManager - org.jetbrains.kotlin loaded 1954 classes 
2018-10-15 17:47:04,299 [  16021]   INFO - llij.ide.plugins.PluginManager - org.jetbrains.android loaded 1179 classes 
2018-10-15 17:47:04,299 [  16021]   INFO - llij.ide.plugins.PluginManager - org.intellij.groovy loaded 332 classes 
2018-10-15 17:47:04,299 [  16021]   INFO - llij.ide.plugins.PluginManager - com.intellij.uiDesigner loaded 208 classes 
2018-10-15 17:47:04,300 [  16022]   INFO - llij.ide.plugins.PluginManager - org.jetbrains.idea.maven loaded 202 classes 
2018-10-15 17:47:04,300 [  16022]   INFO - llij.ide.plugins.PluginManager - Git4Idea loaded 111 classes 
2018-10-15 17:47:04,300 [  16022]   INFO - llij.ide.plugins.PluginManager - org.jetbrains.debugger.streams loaded 107 classes 
2018-10-15 17:47:04,300 [  16022]   INFO - llij.ide.plugins.PluginManager - com.intellij.tasks loaded 104 classes 
2018-10-15 17:47:04,300 [  16022]   INFO - llij.ide.plugins.PluginManager - CVS loaded 79 classes 
2018-10-15 17:47:04,300 [  16022]   INFO - llij.ide.plugins.PluginManager - XPathView loaded 59 classes 
2018-10-15 17:47:04,300 [  16022]   INFO - llij.ide.plugins.PluginManager - Subversion loaded 59 classes 
2018-10-15 17:47:04,300 [  16022]   INFO - llij.ide.plugins.PluginManager - org.jetbrains.plugins.gradle loaded 52 classes 
2018-10-15 17:47:04,300 [  16022]   INFO - llij.ide.plugins.PluginManager - com.intellij.properties loaded 45 classes 
2018-10-15 17:47:04,300 [  16022]   INFO - llij.ide.plugins.PluginManager - hg4idea loaded 45 classes 
2018-10-15 17:47:04,300 [  16022]   INFO - llij.ide.plugins.PluginManager - DevKit loaded 38 classes 
2018-10-15 17:47:04,300 [  16022]   INFO - llij.ide.plugins.PluginManager - org.jetbrains.settingsRepository loaded 37 classes 
2018-10-15 17:47:04,300 [  16022]   INFO - llij.ide.plugins.PluginManager - Coverage loaded 33 classes 
2018-10-15 17:47:04,300 [  16022]   INFO - llij.ide.plugins.PluginManager - AntSupport loaded 28 classes 
2018-10-15 17:47:04,300 [  16022]   INFO - llij.ide.plugins.PluginManager - org.jetbrains.plugins.github loaded 23 classes 
2018-10-15 17:47:04,300 [  16022]   INFO - llij.ide.plugins.PluginManager - org.jetbrains.plugins.javaFX loaded 17 classes 
2018-10-15 17:47:04,300 [  16022]   INFO - llij.ide.plugins.PluginManager - org.jetbrains.plugins.yaml loaded 14 classes 
2018-10-15 17:47:04,300 [  16022]   INFO - llij.ide.plugins.PluginManager - JUnit loaded 14 classes 
2018-10-15 17:47:04,300 [  16022]   INFO - llij.ide.plugins.PluginManager - TestNG-J loaded 13 classes 
2018-10-15 17:47:04,300 [  16022]   INFO - llij.ide.plugins.PluginManager - org.jetbrains.plugins.terminal loaded 9 classes 
2018-10-15 17:47:04,300 [  16022]   INFO - llij.ide.plugins.PluginManager - org.jetbrains.java.decompiler loaded 7 classes 
2018-10-15 17:47:04,300 [  16022]   INFO - llij.ide.plugins.PluginManager - com.intellij.copyright loaded 6 classes 
2018-10-15 17:47:04,300 [  16022]   INFO - llij.ide.plugins.PluginManager - org.editorconfig.editorconfigjetbrains loaded 6 classes 
2018-10-15 17:47:04,300 [  16022]   INFO - llij.ide.plugins.PluginManager - com.android.tools.idea.smali loaded 5 classes 
2018-10-15 17:47:04,300 [  16022]   INFO - llij.ide.plugins.PluginManager - org.jetbrains.idea.eclipse loaded 3 classes 
2018-10-15 17:47:04,300 [  16022]   INFO - llij.ide.plugins.PluginManager - com.yuricfurusho loaded 3 classes 
2018-10-15 17:47:04,300 [  16022]   INFO - llij.ide.plugins.PluginManager - com.intellij.java-i18n loaded 3 classes 
2018-10-15 17:47:04,300 [  16022]   INFO - llij.ide.plugins.PluginManager - XSLT-Debugger loaded 2 classes 
2018-10-15 17:47:04,300 [  16022]   INFO - llij.ide.plugins.PluginManager - ByteCodeViewer loaded 2 classes 
2018-10-15 17:47:04,300 [  16022]   INFO - llij.ide.plugins.PluginManager - org.intellij.intelliLang loaded 1 classes 
2018-10-15 17:47:06,310 [  18032]   INFO - .diagnostic.PerformanceWatcher - Unindexed files update took 2238ms; general responsiveness: ok; EDT responsiveness: 0/2 sluggish, 1/2 very slow 
2018-10-15 17:47:06,311 [  18033]   INFO - penapi.project.DumbServiceImpl - Running dumb mode task: initial refresh 
2018-10-15 17:47:06,314 [  18036]   INFO - penapi.project.DumbServiceImpl - updateFinished 
2018-10-15 17:47:06,324 [  18046]   INFO - g.FileBasedIndexProjectHandler - Has changed files: false; project=Project 'C:\Users\05849227954\IdeaProjects\untitled5' untitled5 
2018-10-15 17:47:06,775 [  18497]   INFO - j.ide.ui.OptionsTopHitProvider - 218 ms spent to cache options in project 
2018-10-15 17:47:06,792 [  18514]   INFO - penapi.project.DumbServiceImpl - Running dumb mode task: com.android.tools.idea.res.ResourceFolderRepositoryFileCacheImpl$PruneTask@76770a08 
2018-10-15 17:47:06,806 [  18528]   INFO - penapi.project.DumbServiceImpl - Running dumb mode task: com.android.tools.idea.res.ResourceFolderRepositoryFileCacheImpl$ManageLruProjectFilesTask@78fab0ba 
2018-10-15 17:47:06,847 [  18569]   INFO - penapi.project.DumbServiceImpl - updateFinished 
2018-10-15 17:47:06,848 [  18570]   INFO - g.FileBasedIndexProjectHandler - Has changed files: false; project=Project 'C:\Users\05849227954\IdeaProjects\untitled5' untitled5 
2018-10-15 17:47:06,861 [  18583]   INFO - penapi.project.DumbServiceImpl - Running dumb mode task: com.android.tools.idea.res.ResourceFolderRegistry$PopulateCachesTask@9170af9 
2018-10-15 17:47:06,862 [  18584]   INFO - penapi.project.DumbServiceImpl - updateFinished 
2018-10-15 17:47:06,862 [  18584]   INFO - g.FileBasedIndexProjectHandler - Has changed files: false; project=Project 'C:\Users\05849227954\IdeaProjects\untitled5' untitled5 
2018-10-15 17:47:07,172 [  18894]   INFO - CompilerWorkspaceConfiguration - Available processors: 4 
2018-10-15 17:47:10,371 [  22093]   INFO - ntellij.internal.IconsLoadTime - IMG load time: total=1551,34ms, average=15,51ms, median=0,97ms; number of icons: 100 
2018-10-15 17:47:11,473 [  23195]   INFO - rojectCodeStyleSettingsManager - Initialized from default code style settings. 
2018-10-15 17:47:12,954 [  24676]   INFO -       ScriptTemplatesProviders - [kts] loading script definitions [] using cp:  
2018-10-15 18:07:29,715 [1241437]   INFO - j.compiler.server.BuildManager - Clearing project build data because the project does not exist or was not opened for more than 30 days: C:\Users\05849227954\IdeaProjects\save-my-instances\build\idea-sandbox\system\compile-server\untitled5_ed5e40ca 
2018-10-15 18:09:30,021 [1361743]   INFO - stubs.SerializationManagerImpl - START StubSerializationManager SHUTDOWN 
2018-10-15 18:09:30,021 [1361743]   INFO - stubs.SerializationManagerImpl - END StubSerializationManager SHUTDOWN 
2018-10-15 18:09:30,022 [1361744]   INFO - il.indexing.FileBasedIndexImpl - START INDEX SHUTDOWN 
2018-10-15 18:09:30,143 [1361865]   INFO - il.indexing.FileBasedIndexImpl - END INDEX SHUTDOWN 
2018-10-15 18:09:30,145 [1361867]   INFO - org.jetbrains.io.BuiltInServer - web server stopped 
2018-10-15 18:09:30,163 [1361885]   INFO - Types.impl.FileTypeManagerImpl - FileTypeManager: 3 auto-detected files
Elapsed time on auto-detect: 14 ms 
2018-10-15 18:09:30,187 [1361909]   INFO - pl.local.NativeFileWatcherImpl - Watcher terminated with exit code 0 
2018-10-15 18:09:30,189 [1361911]   INFO - newvfs.persistent.PersistentFS - VFS dispose started 
2018-10-15 18:09:30,208 [1361930]   INFO - newvfs.persistent.PersistentFS - VFS dispose completed 
2018-10-15 18:09:30,213 [1361935]   INFO - plication.impl.ApplicationImpl - Write action Statistics:
Event number:     54
Total time spent: 2409ms
Average duration: 44ms
Median  duration: 25ms
Max  duration:    550ms (it was 'write action (class com.intellij.openapi.command.WriteCommandAction$$Lambda$1029/291209518)') 
2018-10-15 18:09:30,215 [1361937]   INFO - plication.impl.ApplicationImpl - AnAction.update() Statistics:
Event number:     6768
Total time spent: 13142ms
Average duration: 1ms
Median  duration: 0ms
Max  duration:    12549ms (it was 'saveInstances action update (class yuricfurusho.saveInstancesClass)') 
2018-10-15 18:09:30,215 [1361937]   INFO - plication.impl.ApplicationImpl - Global instance threads created counter = 22; ProcessIOExecutorService threads: 3 
2018-10-15 18:09:30,238 [1361960]   INFO -        #com.intellij.idea.Main - ------------------------------------------------------ IDE SHUTDOWN ------------------------------------------------------ 
2018-10-15 18:09:30,245 [1361967]   INFO - org.jetbrains.io.BuiltInServer - web server stopped 
2018-10-15 18:09:44,082 [      0]   INFO -        #com.intellij.idea.Main - ------------------------------------------------------ IDE STARTED ------------------------------------------------------ 
2018-10-15 18:09:44,216 [    134]   INFO -        #com.intellij.idea.Main - IDE: IntelliJ IDEA (build #IC-181.5540.7, 11 Jul 2018 09:44) 
2018-10-15 18:09:44,216 [    134]   INFO -        #com.intellij.idea.Main - OS: Windows 10 (10.0, amd64) 
2018-10-15 18:09:44,216 [    134]   INFO -        #com.intellij.idea.Main - JRE: 1.8.0_152-release-1136-b39 (JetBrains s.r.o) 
2018-10-15 18:09:44,216 [    134]   INFO -        #com.intellij.idea.Main - JVM: 25.152-b39 (OpenJDK 64-Bit Server VM) 
2018-10-15 18:09:44,219 [    137]   INFO -        #com.intellij.idea.Main - JVM Args: -Didea.classpath.index.enabled=false -Didea.config.path=C:\Users\05849227954\IdeaProjects\save-my-instances\build\idea-sandbox\config -Didea.is.internal=true -Didea.platform.prefix=Idea -Didea.plugins.path=C:\Users\05849227954\IdeaProjects\save-my-instances\build\idea-sandbox\plugins -Didea.required.plugins.id=com.yuricfurusho -Didea.system.path=C:\Users\05849227954\IdeaProjects\save-my-instances\build\idea-sandbox\system -agentlib:jdwp=transport=dt_socket,server=n,suspend=y,address=52589 -XX:MaxPermSize=250m -Xms256m -Xmx512m -Dfile.encoding=windows-1252 -Duser.country=BR -Duser.language=pt -Duser.variant -ea 
2018-10-15 18:09:44,219 [    137]   INFO -        #com.intellij.idea.Main - ext: C:\Users\05849227954\.gradle\caches\modules-2\files-2.1\com.jetbrains\jbre\jbrex8u152b1136.39_windows_x64\jre\lib\ext: [access-bridge-64.jar, cldrdata.jar, dnsns.jar, jaccess.jar, jfxrt.jar, localedata.jar, meta-index, nashorn.jar, sunec.jar, sunjce_provider.jar, sunmscapi.jar, sunpkcs11.jar, zipfs.jar] 
2018-10-15 18:09:44,220 [    138]   INFO -        #com.intellij.idea.Main - JNU charset: Cp1252 
2018-10-15 18:09:44,280 [    198]   INFO -        #com.intellij.idea.Main - JNA library (64-bit) loaded in 60 ms 
2018-10-15 18:09:44,285 [    203]   INFO - penapi.util.io.win32.IdeaWin32 - Native filesystem for Windows is operational 
2018-10-15 18:09:44,333 [    251]   INFO -     #com.intellij.util.ui.JBUI - User scale factor: 1.0 
2018-10-15 18:09:44,333 [    251]   INFO -     #com.intellij.util.ui.JBUI - System scale factor: 1.0 (JRE-managed HiDPI) 
2018-10-15 18:09:44,823 [    741]   INFO - .intellij.idea.IdeaApplication - CPU cores: 4; ForkJoinPool.commonPool: java.util.concurrent.ForkJoinPool@43c8d4b6[Running, parallelism = 3, size = 0, active = 0, running = 0, steals = 0, tasks = 0, submissions = 0]; factory: com.intellij.concurrency.IdeaForkJoinWorkerThreadFactory@5660419d 
2018-10-15 18:09:45,482 [   1400]   INFO - llij.ide.plugins.PluginManager - Cannot find optional descriptor duplicates-groovy.xml 
2018-10-15 18:09:46,698 [   2616]   INFO - llij.ide.plugins.PluginManager - 35 plugins initialized in 1651 ms 
2018-10-15 18:09:46,801 [   2719]   INFO - llij.ide.plugins.PluginManager - Loaded bundled plugins: Android Support (10.3.0), Ant Support (1.0), Bytecode Viewer (0.1), CVS Integration (11), Copyright (8.1), Coverage (181.5540.7), Eclipse Integration (3.0), EditorConfig (181.5540.7), Git Integration (8.1), GitHub (181.5540.7), Gradle (181.5540.7), Groovy (9.0), I18n for Java (181.5540.7), IDEA CORE (181.5540.7), IntelliLang (8.0), JUnit (1.0), Java Bytecode Decompiler (181.5540.7), Java Stream Debugger (181.5540.7), JavaFX (1.0), Kotlin (1.2.31-release-IJ2018.1-1), Maven Integration (181.5540.7), Mercurial Integration (10.0), Plugin DevKit (1.0), Properties Support (181.5540.7), Settings Repository (181.5540.7), Smali Support (1.0), Subversion Integration (1.1), Task Management (1.0), Terminal (0.1), TestNG-J (8.0), UI Designer (181.5540.7), XPathView + XSLT Support (4), XSLT-Debugger (1.4), YAML (181.5540.7) 
2018-10-15 18:09:46,801 [   2719]   INFO - llij.ide.plugins.PluginManager - Loaded custom plugins: save-my-instances (1.0-SNAPSHOT) 
2018-10-15 18:09:50,084 [   6002]   INFO - ellij.util.io.PagedFileStorage - lower=100; upper=435; buffer=10; max=435 
2018-10-15 18:09:50,129 [   6047]   INFO - pl.local.NativeFileWatcherImpl - Starting file watcher: C:\Users\05849227954\.gradle\caches\modules-2\files-2.1\com.jetbrains.intellij.idea\ideaIC\2018.1.6\12f4ce774ed2141cf1d4481c251880ea363b1124\ideaIC-2018.1.6\bin\win\fsnotifier64.exe 
2018-10-15 18:09:50,154 [   6072]   INFO - pl.local.NativeFileWatcherImpl - Native file watcher is operational. 
2018-10-15 18:09:50,378 [   6296]   INFO - pi.util.registry.RegistryState - Registry values changed by user: 
2018-10-15 18:09:50,378 [   6296]   INFO - pi.util.registry.RegistryState -   java.completion.argument.hints.internal = false 
2018-10-15 18:09:50,855 [   6773]   WARN - nSystem.impl.ActionManagerImpl - keymap "Xcode" not found [Plugin: Git4Idea] 
2018-10-15 18:09:50,889 [   6807]   WARN - nSystem.impl.ActionManagerImpl - keymap "Xcode" not found [Plugin: hg4idea] 
2018-10-15 18:09:51,102 [   7020]   INFO - .openapi.application.Preloader - Finished preloading com.intellij.ide.ui.OptionsTopHitProvider$Activity@d8f1edd 
2018-10-15 18:09:51,184 [   7102]   INFO - til.net.ssl.CertificateManager - Default SSL context initialized 
2018-10-15 18:09:51,248 [   7166]   INFO - gs.impl.UpdateCheckerComponent - channel: release 
2018-10-15 18:09:51,249 [   7167]   INFO - rains.ide.BuiltInServerManager - built-in server started, port 63344 
2018-10-15 18:09:51,483 [   7401]   INFO - il.indexing.FileBasedIndexImpl - Index exts enumerated:182, number of extensions:44 
2018-10-15 18:09:51,487 [   7405]   INFO - il.indexing.FileBasedIndexImpl - Index scheduled:4 
2018-10-15 18:09:51,509 [   7427]   INFO - tellij.psi.stubs.StubIndexImpl - All stub exts enumerated:17, number of extensions:49 
2018-10-15 18:09:51,510 [   7428]   INFO - tellij.psi.stubs.StubIndexImpl - stub exts update scheduled:0 
2018-10-15 18:09:51,705 [   7623]   INFO - plication.impl.ApplicationImpl - 89 application components initialized in 6673ms 
2018-10-15 18:09:51,719 [   7637]   INFO - .intellij.idea.IdeaApplication - App initialization took 8332 ms 
2018-10-15 18:09:51,719 [   7637]   INFO - llij.ide.plugins.PluginManager - org.jetbrains.kotlin loaded 318 classes 
2018-10-15 18:09:51,720 [   7638]   INFO - llij.ide.plugins.PluginManager - org.jetbrains.android loaded 95 classes 
2018-10-15 18:09:51,720 [   7638]   INFO - llij.ide.plugins.PluginManager - org.intellij.groovy loaded 59 classes 
2018-10-15 18:09:51,720 [   7638]   INFO - llij.ide.plugins.PluginManager - org.jetbrains.idea.maven loaded 39 classes 
2018-10-15 18:09:51,720 [   7638]   INFO - llij.ide.plugins.PluginManager - CVS loaded 33 classes 
2018-10-15 18:09:51,720 [   7638]   INFO - llij.ide.plugins.PluginManager - org.jetbrains.settingsRepository loaded 30 classes 
2018-10-15 18:09:51,720 [   7638]   INFO - llij.ide.plugins.PluginManager - XPathView loaded 14 classes 
2018-10-15 18:09:51,720 [   7638]   INFO - llij.ide.plugins.PluginManager - hg4idea loaded 13 classes 
2018-10-15 18:09:51,720 [   7638]   INFO - llij.ide.plugins.PluginManager - Subversion loaded 12 classes 
2018-10-15 18:09:51,720 [   7638]   INFO - llij.ide.plugins.PluginManager - com.intellij.properties loaded 10 classes 
2018-10-15 18:09:51,720 [   7638]   INFO - llij.ide.plugins.PluginManager - org.jetbrains.plugins.javaFX loaded 10 classes 
2018-10-15 18:09:51,720 [   7638]   INFO - llij.ide.plugins.PluginManager - org.jetbrains.plugins.github loaded 10 classes 
2018-10-15 18:09:51,720 [   7638]   INFO - llij.ide.plugins.PluginManager - Git4Idea loaded 9 classes 
2018-10-15 18:09:51,720 [   7638]   INFO - llij.ide.plugins.PluginManager - com.intellij.uiDesigner loaded 8 classes 
2018-10-15 18:09:51,720 [   7638]   INFO - llij.ide.plugins.PluginManager - AntSupport loaded 6 classes 
2018-10-15 18:09:51,720 [   7638]   INFO - llij.ide.plugins.PluginManager - com.intellij.tasks loaded 6 classes 
2018-10-15 18:09:51,720 [   7638]   INFO - llij.ide.plugins.PluginManager - DevKit loaded 6 classes 
2018-10-15 18:09:51,720 [   7638]   INFO - llij.ide.plugins.PluginManager - org.jetbrains.plugins.gradle loaded 4 classes 
2018-10-15 18:09:51,720 [   7638]   INFO - llij.ide.plugins.PluginManager - org.jetbrains.plugins.yaml loaded 4 classes 
2018-10-15 18:09:51,720 [   7638]   INFO - llij.ide.plugins.PluginManager - com.android.tools.idea.smali loaded 3 classes 
2018-10-15 18:09:51,720 [   7638]   INFO - llij.ide.plugins.PluginManager - org.jetbrains.idea.eclipse loaded 2 classes 
2018-10-15 18:09:51,720 [   7638]   INFO - llij.ide.plugins.PluginManager - com.intellij.copyright loaded 1 classes 
2018-10-15 18:09:51,720 [   7638]   INFO - llij.ide.plugins.PluginManager - Coverage loaded 1 classes 
2018-10-15 18:09:53,081 [   8999]   INFO - com.intellij.ide.ui.UISettings - Loaded: fontSize=12, fontScale=1.0; restored: fontSize=12, fontScale=1.0 
2018-10-15 18:09:53,292 [   9210]   INFO - pl$FileIndexDataInitialization - Initialization done:1804 
2018-10-15 18:09:53,906 [   9824]   INFO - exImpl$StubIndexInitialization - Initialization done:614 
2018-10-15 18:09:53,943 [   9861]   INFO - .openapi.application.Preloader - Finished preloading com.intellij.openapi.actionSystem.impl.ActionPreloader@11b40f50 
2018-10-15 18:09:55,161 [  11079]   INFO - ellij.project.impl.ProjectImpl - 154 project components initialized in 2792 ms 
2018-10-15 18:09:55,163 [  11081]   INFO - le.impl.ModuleManagerComponent - 0 module(s) loaded in 0 ms 
2018-10-15 18:09:55,662 [  11580]   INFO - j.ide.script.IdeStartupScripts - 0 startup script(s) found 
2018-10-15 18:09:56,201 [  12119]   INFO - CompilerBackwardReferenceIndex - backward reference index version differ due to: class java.io.FileNotFoundException 
2018-10-15 18:09:56,446 [  12364]   INFO - ntellij.internal.IconsLoadTime - IMG load time: ide_startup=88,74ms, average=1,74ms, median=0,54ms; number of icons: 51 
2018-10-15 18:09:56,449 [  12367]   INFO - penapi.project.DumbServiceImpl - Running dumb mode task: com.intellij.util.indexing.UnindexedFilesUpdater@51a2a2cb 
2018-10-15 18:09:56,470 [  12388]   INFO - .diagnostic.PerformanceWatcher - Pushing properties took 0ms; general responsiveness: ok; EDT responsiveness: ok 
2018-10-15 18:09:56,914 [  12832]   INFO - rojectCodeStyleSettingsManager - Initialized from default code style settings. 
2018-10-15 18:09:57,182 [  13100]   INFO - .diagnostic.PerformanceWatcher - Indexable file iteration took 710ms; general responsiveness: ok; EDT responsiveness: ok 
2018-10-15 18:09:57,204 [  13122]   INFO - .openapi.application.Preloader - Finished preloading com.intellij.ide.ui.search.SearchableOptionPreloader@5848a19d 
2018-10-15 18:09:57,556 [  13474]   INFO - penapi.project.DumbServiceImpl - Running dumb mode task: initial refresh 
2018-10-15 18:09:57,561 [  13479]   INFO - tartup.impl.StartupManagerImpl - OpenFilesActivity run in 1110ms under project opening modal progress 
2018-10-15 18:09:57,588 [  13506]   INFO - penapi.project.DumbServiceImpl - updateFinished 
2018-10-15 18:09:57,595 [  13513]   INFO - g.FileBasedIndexProjectHandler - Has changed files: false; project=Project 'C:\Users\05849227954\IdeaProjects\untitled5' untitled5 
2018-10-15 18:09:57,621 [  13539]   INFO - .openapi.application.Preloader - Finished preloading com.intellij.codeInsight.completion.CompletionPreloader@276661cc 
2018-10-15 18:09:57,680 [  13598]   INFO - .openapi.application.Preloader - Finished preloading com.intellij.ide.actions.GotoClassPresentationUpdater@5a351c10 
2018-10-15 18:09:57,731 [  13649]   INFO - ge.ExternalProjectsDataStorage - Loaded external projects data in 4 millis 
2018-10-15 18:09:57,733 [  13651]   INFO - tartup.impl.StartupManagerImpl - ExternalSystemStartupActivity run in 152ms under project opening modal progress 
2018-10-15 18:09:57,817 [  13735]   INFO - .diagnostic.PerformanceWatcher - Post-startup activities under progress took 1469ms; general responsiveness: ok; EDT responsiveness: 1/1 sluggish 
2018-10-15 18:09:58,455 [  14373]   INFO - j.ide.ui.OptionsTopHitProvider - 355 ms spent to cache options in application 
2018-10-15 18:09:58,720 [  14638]   INFO - j.ide.ui.OptionsTopHitProvider - 224 ms spent to cache options in project 
2018-10-15 18:09:58,885 [  14803]   INFO - tartup.impl.StartupManagerImpl - C:/Users/05849227954/IdeaProjects/untitled5/.idea case-sensitivity: expected=false actual=false 
2018-10-15 18:09:58,953 [  14871]   INFO - pl.projectlevelman.NewMappings - VCS Root: [] - [<Project>] 
2018-10-15 18:09:59,003 [  14921]   INFO - tor.impl.FileEditorManagerImpl - Project opening took 6803 ms 
2018-10-15 18:09:59,003 [  14921]   INFO - llij.ide.plugins.PluginManager - org.jetbrains.kotlin loaded 2027 classes 
2018-10-15 18:09:59,004 [  14922]   INFO - llij.ide.plugins.PluginManager - org.jetbrains.android loaded 1240 classes 
2018-10-15 18:09:59,004 [  14922]   INFO - llij.ide.plugins.PluginManager - org.intellij.groovy loaded 356 classes 
2018-10-15 18:09:59,004 [  14922]   INFO - llij.ide.plugins.PluginManager - com.intellij.uiDesigner loaded 226 classes 
2018-10-15 18:09:59,004 [  14922]   INFO - llij.ide.plugins.PluginManager - org.jetbrains.idea.maven loaded 208 classes 
2018-10-15 18:09:59,004 [  14922]   INFO - llij.ide.plugins.PluginManager - Git4Idea loaded 123 classes 
2018-10-15 18:09:59,004 [  14922]   INFO - llij.ide.plugins.PluginManager - org.jetbrains.debugger.streams loaded 107 classes 
2018-10-15 18:09:59,004 [  14922]   INFO - llij.ide.plugins.PluginManager - com.intellij.tasks loaded 104 classes 
2018-10-15 18:09:59,004 [  14922]   INFO - llij.ide.plugins.PluginManager - hg4idea loaded 85 classes 
2018-10-15 18:09:59,004 [  14922]   INFO - llij.ide.plugins.PluginManager - CVS loaded 79 classes 
2018-10-15 18:09:59,004 [  14922]   INFO - llij.ide.plugins.PluginManager - Subversion loaded 67 classes 
2018-10-15 18:09:59,004 [  14922]   INFO - llij.ide.plugins.PluginManager - org.jetbrains.plugins.gradle loaded 65 classes 
2018-10-15 18:09:59,004 [  14922]   INFO - llij.ide.plugins.PluginManager - XPathView loaded 60 classes 
2018-10-15 18:09:59,004 [  14922]   INFO - llij.ide.plugins.PluginManager - com.intellij.properties loaded 53 classes 
2018-10-15 18:09:59,004 [  14922]   INFO - llij.ide.plugins.PluginManager - DevKit loaded 44 classes 
2018-10-15 18:09:59,004 [  14922]   INFO - llij.ide.plugins.PluginManager - org.jetbrains.settingsRepository loaded 37 classes 
2018-10-15 18:09:59,004 [  14922]   INFO - llij.ide.plugins.PluginManager - Coverage loaded 33 classes 
2018-10-15 18:09:59,004 [  14922]   INFO - llij.ide.plugins.PluginManager - AntSupport loaded 28 classes 
2018-10-15 18:09:59,004 [  14922]   INFO - llij.ide.plugins.PluginManager - org.jetbrains.plugins.github loaded 23 classes 
2018-10-15 18:09:59,004 [  14922]   INFO - llij.ide.plugins.PluginManager - org.jetbrains.plugins.javaFX loaded 18 classes 
2018-10-15 18:09:59,004 [  14922]   INFO - llij.ide.plugins.PluginManager - org.jetbrains.plugins.yaml loaded 18 classes 
2018-10-15 18:09:59,004 [  14922]   INFO - llij.ide.plugins.PluginManager - org.editorconfig.editorconfigjetbrains loaded 16 classes 
2018-10-15 18:09:59,004 [  14922]   INFO - llij.ide.plugins.PluginManager - JUnit loaded 14 classes 
2018-10-15 18:09:59,004 [  14922]   INFO - llij.ide.plugins.PluginManager - TestNG-J loaded 14 classes 
2018-10-15 18:09:59,004 [  14922]   INFO - llij.ide.plugins.PluginManager - org.jetbrains.plugins.terminal loaded 11 classes 
2018-10-15 18:09:59,004 [  14922]   INFO - llij.ide.plugins.PluginManager - com.intellij.copyright loaded 8 classes 
2018-10-15 18:09:59,004 [  14922]   INFO - llij.ide.plugins.PluginManager - org.jetbrains.java.decompiler loaded 7 classes 
2018-10-15 18:09:59,005 [  14923]   INFO - llij.ide.plugins.PluginManager - com.intellij.java-i18n loaded 6 classes 
2018-10-15 18:09:59,005 [  14923]   INFO - llij.ide.plugins.PluginManager - com.android.tools.idea.smali loaded 5 classes 
2018-10-15 18:09:59,005 [  14923]   INFO - llij.ide.plugins.PluginManager - com.yuricfurusho loaded 3 classes 
2018-10-15 18:09:59,005 [  14923]   INFO - llij.ide.plugins.PluginManager - org.jetbrains.idea.eclipse loaded 3 classes 
2018-10-15 18:09:59,005 [  14923]   INFO - llij.ide.plugins.PluginManager - XSLT-Debugger loaded 2 classes 
2018-10-15 18:09:59,005 [  14923]   INFO - llij.ide.plugins.PluginManager - ByteCodeViewer loaded 2 classes 
2018-10-15 18:09:59,005 [  14923]   INFO - llij.ide.plugins.PluginManager - org.intellij.intelliLang loaded 1 classes 
2018-10-15 18:09:59,067 [  14985]   INFO - penapi.project.DumbServiceImpl - Running dumb mode task: com.android.tools.idea.res.ResourceFolderRepositoryFileCacheImpl$PruneTask@51dc8430 
2018-10-15 18:09:59,114 [  15032]   INFO - penapi.project.DumbServiceImpl - Running dumb mode task: com.android.tools.idea.res.ResourceFolderRepositoryFileCacheImpl$ManageLruProjectFilesTask@605c0b69 
2018-10-15 18:09:59,211 [  15129]   INFO - penapi.project.DumbServiceImpl - updateFinished 
2018-10-15 18:09:59,213 [  15131]   INFO - g.FileBasedIndexProjectHandler - Has changed files: false; project=Project 'C:\Users\05849227954\IdeaProjects\untitled5' untitled5 
2018-10-15 18:09:59,257 [  15175]   INFO - penapi.project.DumbServiceImpl - Running dumb mode task: com.android.tools.idea.res.ResourceFolderRegistry$PopulateCachesTask@b2b7bd4 
2018-10-15 18:09:59,266 [  15184]   INFO - penapi.project.DumbServiceImpl - updateFinished 
2018-10-15 18:09:59,266 [  15184]   INFO - g.FileBasedIndexProjectHandler - Has changed files: false; project=Project 'C:\Users\05849227954\IdeaProjects\untitled5' untitled5 
2018-10-15 18:09:59,580 [  15498]   INFO - CompilerWorkspaceConfiguration - Available processors: 4 
2018-10-15 18:10:00,417 [  16335]   INFO -       ScriptTemplatesProviders - [kts] loading script definitions [] using cp:  
2018-10-15 18:10:40,861 [  56779]   INFO - ntellij.internal.IconsLoadTime - IMG load time: total=159,46ms, average=1,59ms, median=13,59ms; number of icons: 100 
2018-10-15 18:11:10,973 [  86891]   INFO - stubs.SerializationManagerImpl - START StubSerializationManager SHUTDOWN 
2018-10-15 18:11:10,973 [  86891]   INFO - stubs.SerializationManagerImpl - END StubSerializationManager SHUTDOWN 
2018-10-15 18:11:10,973 [  86891]   INFO - il.indexing.FileBasedIndexImpl - START INDEX SHUTDOWN 
2018-10-15 18:11:10,983 [  86901]   INFO - il.indexing.FileBasedIndexImpl - END INDEX SHUTDOWN 
2018-10-15 18:11:10,985 [  86903]   INFO - org.jetbrains.io.BuiltInServer - web server stopped 
2018-10-15 18:11:11,010 [  86928]   INFO - Types.impl.FileTypeManagerImpl - FileTypeManager: 0 auto-detected files
Elapsed time on auto-detect: 0 ms 
2018-10-15 18:11:11,039 [  86957]   INFO - pl.local.NativeFileWatcherImpl - Watcher terminated with exit code 0 
2018-10-15 18:11:11,041 [  86959]   INFO - newvfs.persistent.PersistentFS - VFS dispose started 
2018-10-15 18:11:11,060 [  86978]   INFO - newvfs.persistent.PersistentFS - VFS dispose completed 
2018-10-15 18:11:11,061 [  86979]   INFO - plication.impl.ApplicationImpl - Write action Statistics:
Event number:     95
Total time spent: 2061ms
Average duration: 21ms
Median  duration: 7ms
Max  duration:    205ms (it was 'write action (class com.intellij.configurationStore.FileBasedStorageKt$doWrite$$inlined$runUndoTransparentWriteAction$1$1)') 
2018-10-15 18:11:11,063 [  86981]   INFO - plication.impl.ApplicationImpl - AnAction.update() Statistics:
Event number:     18010
Total time spent: 779ms
Average duration: 0ms
Median  duration: 0ms
Max  duration:    177ms (it was 'Rename... action update (class com.intellij.refactoring.actions.RenameElementAction)') 
2018-10-15 18:11:11,063 [  86981]   INFO - plication.impl.ApplicationImpl - Global instance threads created counter = 14; ProcessIOExecutorService threads: 3 
2018-10-15 18:11:11,074 [  86992]   INFO -        #com.intellij.idea.Main - ------------------------------------------------------ IDE SHUTDOWN ------------------------------------------------------ 
2018-10-15 18:11:11,076 [  86994]   INFO - org.jetbrains.io.BuiltInServer - web server stopped 
2018-10-15 18:11:35,626 [      0]   INFO -        #com.intellij.idea.Main - ------------------------------------------------------ IDE STARTED ------------------------------------------------------ 
2018-10-15 18:11:35,750 [    124]   INFO -        #com.intellij.idea.Main - IDE: IntelliJ IDEA (build #IC-181.5540.7, 11 Jul 2018 09:35) 
2018-10-15 18:11:35,750 [    124]   INFO -        #com.intellij.idea.Main - OS: Windows 10 (10.0, amd64) 
2018-10-15 18:11:35,750 [    124]   INFO -        #com.intellij.idea.Main - JRE: 1.8.0_152-release-1136-b39 (JetBrains s.r.o) 
2018-10-15 18:11:35,750 [    124]   INFO -        #com.intellij.idea.Main - JVM: 25.152-b39 (OpenJDK 64-Bit Server VM) 
2018-10-15 18:11:35,753 [    127]   INFO -        #com.intellij.idea.Main - JVM Args: -Didea.classpath.index.enabled=false -Didea.config.path=C:\Users\05849227954\IdeaProjects\save-my-instances\build\idea-sandbox\config -Didea.is.internal=true -Didea.platform.prefix=Idea -Didea.plugins.path=C:\Users\05849227954\IdeaProjects\save-my-instances\build\idea-sandbox\plugins -Didea.required.plugins.id=com.yuricfurusho -Didea.system.path=C:\Users\05849227954\IdeaProjects\save-my-instances\build\idea-sandbox\system -agentlib:jdwp=transport=dt_socket,server=n,suspend=y,address=52851 -XX:MaxPermSize=250m -Xms256m -Xmx512m -Dfile.encoding=windows-1252 -Duser.country=BR -Duser.language=pt -Duser.variant -ea 
2018-10-15 18:11:35,753 [    127]   INFO -        #com.intellij.idea.Main - ext: C:\Users\05849227954\.gradle\caches\modules-2\files-2.1\com.jetbrains\jbre\jbrex8u152b1136.39_windows_x64\jre\lib\ext: [access-bridge-64.jar, cldrdata.jar, dnsns.jar, jaccess.jar, jfxrt.jar, localedata.jar, meta-index, nashorn.jar, sunec.jar, sunjce_provider.jar, sunmscapi.jar, sunpkcs11.jar, zipfs.jar] 
2018-10-15 18:11:35,753 [    127]   INFO -        #com.intellij.idea.Main - JNU charset: Cp1252 
2018-10-15 18:11:35,810 [    184]   INFO -        #com.intellij.idea.Main - JNA library (64-bit) loaded in 56 ms 
2018-10-15 18:11:35,815 [    189]   INFO - penapi.util.io.win32.IdeaWin32 - Native filesystem for Windows is operational 
2018-10-15 18:11:35,858 [    232]   INFO -     #com.intellij.util.ui.JBUI - User scale factor: 1.0 
2018-10-15 18:11:35,858 [    232]   INFO -     #com.intellij.util.ui.JBUI - System scale factor: 1.0 (JRE-managed HiDPI) 
2018-10-15 18:11:36,587 [    961]   INFO - .intellij.idea.IdeaApplication - CPU cores: 4; ForkJoinPool.commonPool: java.util.concurrent.ForkJoinPool@2eaa0f21[Running, parallelism = 3, size = 0, active = 0, running = 0, steals = 0, tasks = 0, submissions = 0]; factory: com.intellij.concurrency.IdeaForkJoinWorkerThreadFactory@2757219a 
2018-10-15 18:11:37,253 [   1627]   INFO - llij.ide.plugins.PluginManager - Cannot find optional descriptor duplicates-groovy.xml 
2018-10-15 18:11:38,113 [   2487]   INFO - llij.ide.plugins.PluginManager - 35 plugins initialized in 1301 ms 
2018-10-15 18:11:38,182 [   2556]   INFO - llij.ide.plugins.PluginManager - Loaded bundled plugins: Android Support (10.3.0), Ant Support (1.0), Bytecode Viewer (0.1), CVS Integration (11), Copyright (8.1), Coverage (181.5540.7), Eclipse Integration (3.0), EditorConfig (181.5540.7), Git Integration (8.1), GitHub (181.5540.7), Gradle (181.5540.7), Groovy (9.0), I18n for Java (181.5540.7), IDEA CORE (181.5540.7), IntelliLang (8.0), JUnit (1.0), Java Bytecode Decompiler (181.5540.7), Java Stream Debugger (181.5540.7), JavaFX (1.0), Kotlin (1.2.31-release-IJ2018.1-1), Maven Integration (181.5540.7), Mercurial Integration (10.0), Plugin DevKit (1.0), Properties Support (181.5540.7), Settings Repository (181.5540.7), Smali Support (1.0), Subversion Integration (1.1), Task Management (1.0), Terminal (0.1), TestNG-J (8.0), UI Designer (181.5540.7), XPathView + XSLT Support (4), XSLT-Debugger (1.4), YAML (181.5540.7) 
2018-10-15 18:11:38,183 [   2557]   INFO - llij.ide.plugins.PluginManager - Loaded custom plugins: save-my-instances (1.0-SNAPSHOT) 
2018-10-15 18:11:41,601 [   5975]   INFO - ellij.util.io.PagedFileStorage - lower=100; upper=435; buffer=10; max=435 
2018-10-15 18:11:41,648 [   6022]   INFO - pl.local.NativeFileWatcherImpl - Starting file watcher: C:\Users\05849227954\.gradle\caches\modules-2\files-2.1\com.jetbrains.intellij.idea\ideaIC\2018.1.6\12f4ce774ed2141cf1d4481c251880ea363b1124\ideaIC-2018.1.6\bin\win\fsnotifier64.exe 
2018-10-15 18:11:41,673 [   6047]   INFO - pl.local.NativeFileWatcherImpl - Native file watcher is operational. 
2018-10-15 18:11:41,910 [   6284]   INFO - pi.util.registry.RegistryState - Registry values changed by user: 
2018-10-15 18:11:41,910 [   6284]   INFO - pi.util.registry.RegistryState -   java.completion.argument.hints.internal = false 
2018-10-15 18:11:42,431 [   6805]   WARN - nSystem.impl.ActionManagerImpl - keymap "Xcode" not found [Plugin: Git4Idea] 
2018-10-15 18:11:42,472 [   6846]   WARN - nSystem.impl.ActionManagerImpl - keymap "Xcode" not found [Plugin: hg4idea] 
2018-10-15 18:11:42,668 [   7042]   INFO - .openapi.application.Preloader - Finished preloading com.intellij.ide.ui.OptionsTopHitProvider$Activity@217300e0 
2018-10-15 18:11:42,778 [   7152]   INFO - til.net.ssl.CertificateManager - Default SSL context initialized 
2018-10-15 18:11:42,844 [   7218]   INFO - gs.impl.UpdateCheckerComponent - channel: release 
2018-10-15 18:11:42,846 [   7220]   INFO - rains.ide.BuiltInServerManager - built-in server started, port 63342 
2018-10-15 18:11:43,139 [   7513]   INFO - il.indexing.FileBasedIndexImpl - Index exts enumerated:231, number of extensions:44 
2018-10-15 18:11:43,145 [   7519]   INFO - il.indexing.FileBasedIndexImpl - Index scheduled:5 
2018-10-15 18:11:43,183 [   7557]   INFO - tellij.psi.stubs.StubIndexImpl - All stub exts enumerated:23, number of extensions:49 
2018-10-15 18:11:43,183 [   7557]   INFO - tellij.psi.stubs.StubIndexImpl - stub exts update scheduled:0 
2018-10-15 18:11:43,395 [   7769]   INFO - plication.impl.ApplicationImpl - 89 application components initialized in 6587ms 
2018-10-15 18:11:43,409 [   7783]   INFO - .intellij.idea.IdeaApplication - App initialization took 8583 ms 
2018-10-15 18:11:43,410 [   7784]   INFO - llij.ide.plugins.PluginManager - org.jetbrains.kotlin loaded 318 classes 
2018-10-15 18:11:43,410 [   7784]   INFO - llij.ide.plugins.PluginManager - org.jetbrains.android loaded 95 classes 
2018-10-15 18:11:43,410 [   7784]   INFO - llij.ide.plugins.PluginManager - org.intellij.groovy loaded 60 classes 
2018-10-15 18:11:43,410 [   7784]   INFO - llij.ide.plugins.PluginManager - org.jetbrains.idea.maven loaded 39 classes 
2018-10-15 18:11:43,410 [   7784]   INFO - llij.ide.plugins.PluginManager - CVS loaded 33 classes 
2018-10-15 18:11:43,410 [   7784]   INFO - llij.ide.plugins.PluginManager - org.jetbrains.settingsRepository loaded 30 classes 
2018-10-15 18:11:43,410 [   7784]   INFO - llij.ide.plugins.PluginManager - XPathView loaded 14 classes 
2018-10-15 18:11:43,410 [   7784]   INFO - llij.ide.plugins.PluginManager - hg4idea loaded 13 classes 
2018-10-15 18:11:43,410 [   7784]   INFO - llij.ide.plugins.PluginManager - com.intellij.properties loaded 13 classes 
2018-10-15 18:11:43,410 [   7784]   INFO - llij.ide.plugins.PluginManager - Subversion loaded 12 classes 
2018-10-15 18:11:43,410 [   7784]   INFO - llij.ide.plugins.PluginManager - org.jetbrains.plugins.github loaded 10 classes 
2018-10-15 18:11:43,410 [   7784]   INFO - llij.ide.plugins.PluginManager - org.jetbrains.plugins.javaFX loaded 10 classes 
2018-10-15 18:11:43,410 [   7784]   INFO - llij.ide.plugins.PluginManager - Git4Idea loaded 9 classes 
2018-10-15 18:11:43,410 [   7784]   INFO - llij.ide.plugins.PluginManager - com.intellij.uiDesigner loaded 8 classes 
2018-10-15 18:11:43,410 [   7784]   INFO - llij.ide.plugins.PluginManager - AntSupport loaded 6 classes 
2018-10-15 18:11:43,410 [   7784]   INFO - llij.ide.plugins.PluginManager - DevKit loaded 6 classes 
2018-10-15 18:11:43,410 [   7784]   INFO - llij.ide.plugins.PluginManager - com.intellij.tasks loaded 6 classes 
2018-10-15 18:11:43,410 [   7784]   INFO - llij.ide.plugins.PluginManager - org.jetbrains.plugins.gradle loaded 4 classes 
2018-10-15 18:11:43,410 [   7784]   INFO - llij.ide.plugins.PluginManager - org.jetbrains.plugins.yaml loaded 4 classes 
2018-10-15 18:11:43,410 [   7784]   INFO - llij.ide.plugins.PluginManager - com.android.tools.idea.smali loaded 3 classes 
2018-10-15 18:11:43,411 [   7785]   INFO - llij.ide.plugins.PluginManager - org.jetbrains.idea.eclipse loaded 2 classes 
2018-10-15 18:11:43,411 [   7785]   INFO - llij.ide.plugins.PluginManager - com.intellij.copyright loaded 1 classes 
2018-10-15 18:11:43,411 [   7785]   INFO - llij.ide.plugins.PluginManager - Coverage loaded 1 classes 
2018-10-15 18:11:45,200 [   9574]   INFO - com.intellij.ide.ui.UISettings - Loaded: fontSize=12, fontScale=1.0; restored: fontSize=12, fontScale=1.0 
2018-10-15 18:11:45,472 [   9846]   INFO - pl$FileIndexDataInitialization - Initialization done:2326 
2018-10-15 18:11:45,956 [  10330]   INFO - exImpl$StubIndexInitialization - Initialization done:484 
2018-10-15 18:11:46,246 [  10620]   INFO - .openapi.application.Preloader - Finished preloading com.intellij.openapi.actionSystem.impl.ActionPreloader@6846af7e 
2018-10-15 18:11:47,832 [  12206]   INFO - ellij.project.impl.ProjectImpl - 154 project components initialized in 3606 ms 
2018-10-15 18:11:47,837 [  12211]   INFO - le.impl.ModuleManagerComponent - 0 module(s) loaded in 0 ms 
2018-10-15 18:11:48,529 [  12903]   INFO - j.ide.script.IdeStartupScripts - 0 startup script(s) found 
2018-10-15 18:11:48,950 [  13324]   INFO - CompilerBackwardReferenceIndex - backward reference index version differ due to: class java.io.FileNotFoundException 
2018-10-15 18:11:49,186 [  13560]   INFO - ntellij.internal.IconsLoadTime - IMG load time: ide_startup=81,54ms, average=1,60ms, median=2,03ms; number of icons: 51 
2018-10-15 18:11:49,278 [  13652]   INFO - penapi.project.DumbServiceImpl - Running dumb mode task: com.intellij.util.indexing.UnindexedFilesUpdater@4ee18566 
2018-10-15 18:11:49,304 [  13678]   INFO - .diagnostic.PerformanceWatcher - Pushing properties took 4ms; general responsiveness: ok; EDT responsiveness: ok 
2018-10-15 18:11:49,877 [  14251]   INFO - rojectCodeStyleSettingsManager - Initialized from default code style settings. 
2018-10-15 18:11:50,206 [  14580]   INFO - .diagnostic.PerformanceWatcher - Indexable file iteration took 900ms; general responsiveness: ok; EDT responsiveness: ok 
2018-10-15 18:11:50,284 [  14658]   INFO - .openapi.application.Preloader - Finished preloading com.intellij.ide.ui.search.SearchableOptionPreloader@7b7c9d44 
2018-10-15 18:11:50,512 [  14886]   INFO - penapi.project.DumbServiceImpl - Running dumb mode task: initial refresh 
2018-10-15 18:11:50,519 [  14893]   INFO - tartup.impl.StartupManagerImpl - OpenFilesActivity run in 1331ms under project opening modal progress 
2018-10-15 18:11:50,534 [  14908]   INFO - penapi.project.DumbServiceImpl - updateFinished 
2018-10-15 18:11:50,542 [  14916]   INFO - g.FileBasedIndexProjectHandler - Has changed files: false; project=Project 'C:\Users\05849227954\IdeaProjects\untitled5' untitled5 
2018-10-15 18:11:50,647 [  15021]   INFO - tartup.impl.StartupManagerImpl - Some post-startup activities freeze UI for noticeable time. Please consider making them DumbAware to do them in background under modal progress, or just making them faster to speed up project opening. 
2018-10-15 18:11:50,647 [  15021]   INFO - tartup.impl.StartupManagerImpl - ProjectInspectionProfileStartUpActivity run in 101ms on UI thread 
2018-10-15 18:11:50,681 [  15055]   INFO - ge.ExternalProjectsDataStorage - Loaded external projects data in 27 millis 
2018-10-15 18:11:50,685 [  15059]   INFO - tartup.impl.StartupManagerImpl - ExternalSystemStartupActivity run in 153ms under project opening modal progress 
2018-10-15 18:11:50,730 [  15104]   INFO - .openapi.application.Preloader - Finished preloading com.intellij.codeInsight.completion.CompletionPreloader@5e49c994 
2018-10-15 18:11:50,736 [  15110]   INFO - .openapi.application.Preloader - Finished preloading com.intellij.ide.actions.GotoClassPresentationUpdater@5a4b82c7 
2018-10-15 18:11:50,831 [  15205]   INFO - .diagnostic.PerformanceWatcher - Post-startup activities under progress took 1753ms; general responsiveness: ok; EDT responsiveness: 0/1 sluggish, 1/1 very slow 
2018-10-15 18:11:51,361 [  15735]   INFO - j.ide.ui.OptionsTopHitProvider - 318 ms spent to cache options in application 
2018-10-15 18:11:51,638 [  16012]   INFO - j.ide.ui.OptionsTopHitProvider - 205 ms spent to cache options in project 
2018-10-15 18:11:51,850 [  16224]   INFO -       ScriptTemplatesProviders - [kts] loading script definitions [] using cp:  
2018-10-15 18:11:52,146 [  16520]   INFO - tartup.impl.StartupManagerImpl - C:/Users/05849227954/IdeaProjects/untitled5/.idea case-sensitivity: expected=false actual=false 
2018-10-15 18:11:52,171 [  16545]   INFO - pl.projectlevelman.NewMappings - VCS Root: [] - [<Project>] 
2018-10-15 18:11:52,260 [  16634]   INFO - tor.impl.FileEditorManagerImpl - Project opening took 8257 ms 
2018-10-15 18:11:52,260 [  16634]   INFO - llij.ide.plugins.PluginManager - org.jetbrains.kotlin loaded 2301 classes 
2018-10-15 18:11:52,260 [  16634]   INFO - llij.ide.plugins.PluginManager - org.jetbrains.android loaded 1292 classes 
2018-10-15 18:11:52,260 [  16634]   INFO - llij.ide.plugins.PluginManager - org.intellij.groovy loaded 538 classes 
2018-10-15 18:11:52,260 [  16634]   INFO - llij.ide.plugins.PluginManager - com.intellij.uiDesigner loaded 226 classes 
2018-10-15 18:11:52,260 [  16634]   INFO - llij.ide.plugins.PluginManager - org.jetbrains.idea.maven loaded 209 classes 
2018-10-15 18:11:52,260 [  16634]   INFO - llij.ide.plugins.PluginManager - Git4Idea loaded 124 classes 
2018-10-15 18:11:52,260 [  16634]   INFO - llij.ide.plugins.PluginManager - org.jetbrains.debugger.streams loaded 107 classes 
2018-10-15 18:11:52,260 [  16634]   INFO - llij.ide.plugins.PluginManager - com.intellij.tasks loaded 104 classes 
2018-10-15 18:11:52,260 [  16634]   INFO - llij.ide.plugins.PluginManager - hg4idea loaded 86 classes 
2018-10-15 18:11:52,260 [  16634]   INFO - llij.ide.plugins.PluginManager - CVS loaded 79 classes 
2018-10-15 18:11:52,260 [  16634]   INFO - llij.ide.plugins.PluginManager - org.jetbrains.plugins.gradle loaded 78 classes 
2018-10-15 18:11:52,260 [  16634]   INFO - llij.ide.plugins.PluginManager - Subversion loaded 67 classes 
2018-10-15 18:11:52,260 [  16634]   INFO - llij.ide.plugins.PluginManager - XPathView loaded 67 classes 
2018-10-15 18:11:52,260 [  16634]   INFO - llij.ide.plugins.PluginManager - com.intellij.properties loaded 53 classes 
2018-10-15 18:11:52,260 [  16634]   INFO - llij.ide.plugins.PluginManager - DevKit loaded 44 classes 
2018-10-15 18:11:52,260 [  16634]   INFO - llij.ide.plugins.PluginManager - org.jetbrains.settingsRepository loaded 37 classes 
2018-10-15 18:11:52,260 [  16634]   INFO - llij.ide.plugins.PluginManager - Coverage loaded 33 classes 
2018-10-15 18:11:52,260 [  16634]   INFO - llij.ide.plugins.PluginManager - AntSupport loaded 28 classes 
2018-10-15 18:11:52,260 [  16634]   INFO - llij.ide.plugins.PluginManager - org.jetbrains.plugins.github loaded 23 classes 
2018-10-15 18:11:52,260 [  16634]   INFO - llij.ide.plugins.PluginManager - org.jetbrains.plugins.yaml loaded 18 classes 
2018-10-15 18:11:52,261 [  16635]   INFO - llij.ide.plugins.PluginManager - org.jetbrains.plugins.javaFX loaded 18 classes 
2018-10-15 18:11:52,261 [  16635]   INFO - llij.ide.plugins.PluginManager - org.editorconfig.editorconfigjetbrains loaded 16 classes 
2018-10-15 18:11:52,261 [  16635]   INFO - llij.ide.plugins.PluginManager - JUnit loaded 14 classes 
2018-10-15 18:11:52,261 [  16635]   INFO - llij.ide.plugins.PluginManager - TestNG-J loaded 14 classes 
2018-10-15 18:11:52,261 [  16635]   INFO - llij.ide.plugins.PluginManager - org.jetbrains.plugins.terminal loaded 11 classes 
2018-10-15 18:11:52,261 [  16635]   INFO - llij.ide.plugins.PluginManager - com.intellij.copyright loaded 8 classes 
2018-10-15 18:11:52,261 [  16635]   INFO - llij.ide.plugins.PluginManager - org.jetbrains.java.decompiler loaded 7 classes 
2018-10-15 18:11:52,261 [  16635]   INFO - llij.ide.plugins.PluginManager - com.intellij.java-i18n loaded 7 classes 
2018-10-15 18:11:52,261 [  16635]   INFO - llij.ide.plugins.PluginManager - org.intellij.intelliLang loaded 5 classes 
2018-10-15 18:11:52,261 [  16635]   INFO - llij.ide.plugins.PluginManager - com.android.tools.idea.smali loaded 5 classes 
2018-10-15 18:11:52,261 [  16635]   INFO - llij.ide.plugins.PluginManager - org.jetbrains.idea.eclipse loaded 3 classes 
2018-10-15 18:11:52,261 [  16635]   INFO - llij.ide.plugins.PluginManager - com.yuricfurusho loaded 3 classes 
2018-10-15 18:11:52,261 [  16635]   INFO - llij.ide.plugins.PluginManager - ByteCodeViewer loaded 2 classes 
2018-10-15 18:11:52,261 [  16635]   INFO - llij.ide.plugins.PluginManager - XSLT-Debugger loaded 2 classes 
2018-10-15 18:11:52,278 [  16652]   INFO - penapi.project.DumbServiceImpl - Running dumb mode task: com.android.tools.idea.res.ResourceFolderRepositoryFileCacheImpl$PruneTask@77bf5ff 
2018-10-15 18:11:52,327 [  16701]   INFO - penapi.project.DumbServiceImpl - Running dumb mode task: com.android.tools.idea.res.ResourceFolderRepositoryFileCacheImpl$ManageLruProjectFilesTask@19ad5f6b 
2018-10-15 18:11:53,004 [  17378]   INFO - penapi.project.DumbServiceImpl - updateFinished 
2018-10-15 18:11:53,005 [  17379]   INFO - g.FileBasedIndexProjectHandler - Has changed files: false; project=Project 'C:\Users\05849227954\IdeaProjects\untitled5' untitled5 
2018-10-15 18:11:53,188 [  17562]   INFO - penapi.project.DumbServiceImpl - Running dumb mode task: com.android.tools.idea.res.ResourceFolderRegistry$PopulateCachesTask@57de44d0 
2018-10-15 18:11:53,233 [  17607]   INFO - penapi.project.DumbServiceImpl - updateFinished 
2018-10-15 18:11:53,233 [  17607]   INFO - g.FileBasedIndexProjectHandler - Has changed files: false; project=Project 'C:\Users\05849227954\IdeaProjects\untitled5' untitled5 
2018-10-15 18:11:53,586 [  17960]   INFO - CompilerWorkspaceConfiguration - Available processors: 4 
2018-10-15 18:14:16,943 [ 161317]   INFO - ntellij.internal.IconsLoadTime - IMG load time: total=214,33ms, average=2,14ms, median=0,41ms; number of icons: 100 
2018-10-15 18:14:43,250 [ 187624]   INFO - j.compiler.server.BuildManager - Clearing project build data because the project does not exist or was not opened for more than 30 days: C:\Users\05849227954\IdeaProjects\save-my-instances\build\idea-sandbox\system\compile-server\untitled5_ed5e40ca 
2018-10-16 14:32:56,913 [      0]   INFO -        #com.intellij.idea.Main - ------------------------------------------------------ IDE STARTED ------------------------------------------------------ 
2018-10-16 14:32:57,295 [    382]   INFO -        #com.intellij.idea.Main - IDE: IntelliJ IDEA (build #IC-181.5540.7, 11 Jul 2018 09:57) 
2018-10-16 14:32:57,295 [    382]   INFO -        #com.intellij.idea.Main - OS: Windows 10 (10.0, amd64) 
2018-10-16 14:32:57,295 [    382]   INFO -        #com.intellij.idea.Main - JRE: 1.8.0_152-release-1136-b39 (JetBrains s.r.o) 
2018-10-16 14:32:57,295 [    382]   INFO -        #com.intellij.idea.Main - JVM: 25.152-b39 (OpenJDK 64-Bit Server VM) 
2018-10-16 14:32:57,329 [    416]   INFO -        #com.intellij.idea.Main - JVM Args: -Didea.classpath.index.enabled=false -Didea.config.path=C:\Users\05849227954\IdeaProjects\save-my-instances\build\idea-sandbox\config -Didea.is.internal=true -Didea.platform.prefix=Idea -Didea.plugins.path=C:\Users\05849227954\IdeaProjects\save-my-instances\build\idea-sandbox\plugins -Didea.required.plugins.id=com.yuricfurusho -Didea.system.path=C:\Users\05849227954\IdeaProjects\save-my-instances\build\idea-sandbox\system -agentlib:jdwp=transport=dt_socket,server=n,suspend=y,address=51452 -XX:MaxPermSize=250m -Xms256m -Xmx512m -Dfile.encoding=windows-1252 -Duser.country=BR -Duser.language=pt -Duser.variant -ea 
2018-10-16 14:32:57,330 [    417]   INFO -        #com.intellij.idea.Main - ext: C:\Users\05849227954\.gradle\caches\modules-2\files-2.1\com.jetbrains\jbre\jbrex8u152b1136.39_windows_x64\jre\lib\ext: [access-bridge-64.jar, cldrdata.jar, dnsns.jar, jaccess.jar, jfxrt.jar, localedata.jar, meta-index, nashorn.jar, sunec.jar, sunjce_provider.jar, sunmscapi.jar, sunpkcs11.jar, zipfs.jar] 
2018-10-16 14:32:57,331 [    418]   INFO -        #com.intellij.idea.Main - JNU charset: Cp1252 
2018-10-16 14:32:57,528 [    615]   INFO -        #com.intellij.idea.Main - JNA library (64-bit) loaded in 178 ms 
2018-10-16 14:32:57,540 [    627]   INFO - penapi.util.io.win32.IdeaWin32 - Native filesystem for Windows is operational 
2018-10-16 14:32:57,795 [    882]   INFO -     #com.intellij.util.ui.JBUI - User scale factor: 1.0 
2018-10-16 14:32:57,795 [    882]   INFO -     #com.intellij.util.ui.JBUI - System scale factor: 1.0 (JRE-managed HiDPI) 
2018-10-16 14:32:58,742 [   1829]   INFO - .intellij.idea.IdeaApplication - CPU cores: 4; ForkJoinPool.commonPool: java.util.concurrent.ForkJoinPool@7dd940b5[Running, parallelism = 3, size = 0, active = 0, running = 0, steals = 0, tasks = 0, submissions = 0]; factory: com.intellij.concurrency.IdeaForkJoinWorkerThreadFactory@6afe1beb 
2018-10-16 14:33:00,459 [   3546]   INFO - llij.ide.plugins.PluginManager - Cannot find optional descriptor duplicates-groovy.xml 
2018-10-16 14:33:01,799 [   4886]   INFO - llij.ide.plugins.PluginManager - 35 plugins initialized in 2422 ms 
2018-10-16 14:33:01,868 [   4955]   INFO - llij.ide.plugins.PluginManager - Loaded bundled plugins: Android Support (10.3.0), Ant Support (1.0), Bytecode Viewer (0.1), CVS Integration (11), Copyright (8.1), Coverage (181.5540.7), Eclipse Integration (3.0), EditorConfig (181.5540.7), Git Integration (8.1), GitHub (181.5540.7), Gradle (181.5540.7), Groovy (9.0), I18n for Java (181.5540.7), IDEA CORE (181.5540.7), IntelliLang (8.0), JUnit (1.0), Java Bytecode Decompiler (181.5540.7), Java Stream Debugger (181.5540.7), JavaFX (1.0), Kotlin (1.2.31-release-IJ2018.1-1), Maven Integration (181.5540.7), Mercurial Integration (10.0), Plugin DevKit (1.0), Properties Support (181.5540.7), Settings Repository (181.5540.7), Smali Support (1.0), Subversion Integration (1.1), Task Management (1.0), Terminal (0.1), TestNG-J (8.0), UI Designer (181.5540.7), XPathView + XSLT Support (4), XSLT-Debugger (1.4), YAML (181.5540.7) 
2018-10-16 14:33:01,868 [   4955]   INFO - llij.ide.plugins.PluginManager - Loaded custom plugins: save-my-instances (1.0-SNAPSHOT) 
2018-10-16 14:33:08,096 [  11183]   INFO - ellij.util.io.PagedFileStorage - lower=100; upper=435; buffer=10; max=435 
2018-10-16 14:33:08,223 [  11310]   INFO - pl.local.NativeFileWatcherImpl - Starting file watcher: C:\Users\05849227954\.gradle\caches\modules-2\files-2.1\com.jetbrains.intellij.idea\ideaIC\2018.1.6\12f4ce774ed2141cf1d4481c251880ea363b1124\ideaIC-2018.1.6\bin\win\fsnotifier64.exe 
2018-10-16 14:33:08,310 [  11397]   INFO - pl.local.NativeFileWatcherImpl - Native file watcher is operational. 
2018-10-16 14:33:08,778 [  11865]   INFO - pi.util.registry.RegistryState - Registry values changed by user: 
2018-10-16 14:33:08,778 [  11865]   INFO - pi.util.registry.RegistryState -   java.completion.argument.hints.internal = false 
2018-10-16 14:33:10,791 [  13878]   WARN - nSystem.impl.ActionManagerImpl - keymap "Xcode" not found [Plugin: Git4Idea] 
2018-10-16 14:33:11,037 [  14124]   WARN - nSystem.impl.ActionManagerImpl - keymap "Xcode" not found [Plugin: hg4idea] 
2018-10-16 14:33:12,013 [  15100]   INFO - .openapi.application.Preloader - Finished preloading com.intellij.ide.ui.OptionsTopHitProvider$Activity@2f4cb43b 
2018-10-16 14:33:12,326 [  15413]   INFO - til.net.ssl.CertificateManager - Default SSL context initialized 
2018-10-16 14:33:12,553 [  15640]   INFO - rains.ide.BuiltInServerManager - built-in server started, port 63344 
2018-10-16 14:33:12,735 [  15822]   INFO - gs.impl.UpdateCheckerComponent - channel: release 
2018-10-16 14:33:14,324 [  17411]   INFO - il.indexing.FileBasedIndexImpl - Index exts enumerated:1283, number of extensions:44 
2018-10-16 14:33:14,333 [  17420]   INFO - il.indexing.FileBasedIndexImpl - Index scheduled:8 
2018-10-16 14:33:14,423 [  17510]   INFO - tellij.psi.stubs.StubIndexImpl - All stub exts enumerated:75, number of extensions:49 
2018-10-16 14:33:14,424 [  17511]   INFO - tellij.psi.stubs.StubIndexImpl - stub exts update scheduled:0 
2018-10-16 14:33:15,953 [  19040]   INFO - plication.impl.ApplicationImpl - 89 application components initialized in 16589ms 
2018-10-16 14:33:16,012 [  19099]   INFO - .intellij.idea.IdeaApplication - App initialization took 22052 ms 
2018-10-16 14:33:16,013 [  19100]   INFO - llij.ide.plugins.PluginManager - org.jetbrains.kotlin loaded 328 classes 
2018-10-16 14:33:16,013 [  19100]   INFO - llij.ide.plugins.PluginManager - org.intellij.groovy loaded 169 classes 
2018-10-16 14:33:16,013 [  19100]   INFO - llij.ide.plugins.PluginManager - org.jetbrains.android loaded 114 classes 
2018-10-16 14:33:16,013 [  19100]   INFO - llij.ide.plugins.PluginManager - org.jetbrains.idea.maven loaded 42 classes 
2018-10-16 14:33:16,013 [  19100]   INFO - llij.ide.plugins.PluginManager - CVS loaded 33 classes 
2018-10-16 14:33:16,013 [  19100]   INFO - llij.ide.plugins.PluginManager - org.jetbrains.settingsRepository loaded 30 classes 
2018-10-16 14:33:16,013 [  19100]   INFO - llij.ide.plugins.PluginManager - com.intellij.properties loaded 16 classes 
2018-10-16 14:33:16,013 [  19100]   INFO - llij.ide.plugins.PluginManager - XPathView loaded 14 classes 
2018-10-16 14:33:16,013 [  19100]   INFO - llij.ide.plugins.PluginManager - hg4idea loaded 13 classes 
2018-10-16 14:33:16,013 [  19100]   INFO - llij.ide.plugins.PluginManager - org.jetbrains.plugins.yaml loaded 12 classes 
2018-10-16 14:33:16,013 [  19100]   INFO - llij.ide.plugins.PluginManager - Subversion loaded 12 classes 
2018-10-16 14:33:16,013 [  19100]   INFO - llij.ide.plugins.PluginManager - org.jetbrains.plugins.github loaded 10 classes 
2018-10-16 14:33:16,013 [  19100]   INFO - llij.ide.plugins.PluginManager - Git4Idea loaded 10 classes 
2018-10-16 14:33:16,013 [  19100]   INFO - llij.ide.plugins.PluginManager - org.jetbrains.plugins.javaFX loaded 10 classes 
2018-10-16 14:33:16,013 [  19100]   INFO - llij.ide.plugins.PluginManager - com.intellij.uiDesigner loaded 9 classes 
2018-10-16 14:33:16,013 [  19100]   INFO - llij.ide.plugins.PluginManager - org.jetbrains.plugins.gradle loaded 6 classes 
2018-10-16 14:33:16,013 [  19100]   INFO - llij.ide.plugins.PluginManager - DevKit loaded 6 classes 
2018-10-16 14:33:16,014 [  19101]   INFO - llij.ide.plugins.PluginManager - com.intellij.tasks loaded 6 classes 
2018-10-16 14:33:16,014 [  19101]   INFO - llij.ide.plugins.PluginManager - AntSupport loaded 6 classes 
2018-10-16 14:33:16,014 [  19101]   INFO - llij.ide.plugins.PluginManager - com.android.tools.idea.smali loaded 3 classes 
2018-10-16 14:33:16,014 [  19101]   INFO - llij.ide.plugins.PluginManager - org.jetbrains.idea.eclipse loaded 2 classes 
2018-10-16 14:33:16,014 [  19101]   INFO - llij.ide.plugins.PluginManager - Coverage loaded 1 classes 
2018-10-16 14:33:16,014 [  19101]   INFO - llij.ide.plugins.PluginManager - com.intellij.copyright loaded 1 classes 
2018-10-16 14:33:19,742 [  22829]   INFO - pl$FileIndexDataInitialization - Initialization done:5405 
2018-10-16 14:33:21,091 [  24178]   INFO - exImpl$StubIndexInitialization - Initialization done:1349 
2018-10-16 14:33:23,338 [  26425]   INFO - com.intellij.ide.ui.UISettings - Loaded: fontSize=12, fontScale=1.0; restored: fontSize=12, fontScale=1.0 
2018-10-16 14:33:27,547 [  30634]   INFO - .openapi.application.Preloader - Finished preloading com.intellij.openapi.actionSystem.impl.ActionPreloader@7fc24eb3 
2018-10-16 14:33:30,047 [  33134]   INFO - ellij.project.impl.ProjectImpl - 154 project components initialized in 11204 ms 
2018-10-16 14:33:30,048 [  33135]   INFO - le.impl.ModuleManagerComponent - 0 module(s) loaded in 0 ms 
2018-10-16 14:33:31,006 [  34093]   INFO - j.ide.script.IdeStartupScripts - 0 startup script(s) found 
2018-10-16 14:33:32,375 [  35462]   INFO - CompilerBackwardReferenceIndex - backward reference index version differ due to: class java.io.FileNotFoundException 
2018-10-16 14:33:32,763 [  35850]   INFO - .openapi.application.Preloader - Finished preloading com.intellij.ide.ui.search.SearchableOptionPreloader@391f0e91 
2018-10-16 14:33:32,848 [  35935]   INFO - penapi.project.DumbServiceImpl - Running dumb mode task: com.intellij.util.indexing.UnindexedFilesUpdater@523ec007 
2018-10-16 14:33:32,851 [  35938]   INFO - .diagnostic.PerformanceWatcher - Pushing properties took 0ms; general responsiveness: ok; EDT responsiveness: ok 
2018-10-16 14:33:32,917 [  36004]   INFO - ntellij.internal.IconsLoadTime - IMG load time: ide_startup=182,84ms, average=3,59ms, median=11,41ms; number of icons: 51 
2018-10-16 14:33:33,442 [  36529]   INFO - .diagnostic.PerformanceWatcher - Indexable file iteration took 586ms; general responsiveness: ok; EDT responsiveness: ok 
2018-10-16 14:33:33,470 [  36557]   INFO - penapi.project.DumbServiceImpl - Running dumb mode task: initial refresh 
2018-10-16 14:33:33,496 [  36583]   INFO - penapi.project.DumbServiceImpl - updateFinished 
2018-10-16 14:33:33,526 [  36613]   INFO - g.FileBasedIndexProjectHandler - Has changed files: false; project=Project 'C:\Users\05849227954\IdeaProjects\untitled5' untitled5 
2018-10-16 14:33:34,395 [  37482]   INFO - .openapi.application.Preloader - Finished preloading com.intellij.codeInsight.completion.CompletionPreloader@22c262c7 
2018-10-16 14:33:34,427 [  37514]   INFO - .openapi.application.Preloader - Finished preloading com.intellij.ide.actions.GotoClassPresentationUpdater@52027b71 
2018-10-16 14:33:35,231 [  38318]   INFO - j.ide.ui.OptionsTopHitProvider - 1609 ms spent to cache options in project 
2018-10-16 14:33:35,852 [  38939]   INFO - rojectCodeStyleSettingsManager - Initialized from default code style settings. 
2018-10-16 14:33:37,130 [  40217]   INFO - tartup.impl.StartupManagerImpl - OpenFilesActivity run in 4209ms under project opening modal progress 
2018-10-16 14:33:37,369 [  40456]   INFO - ge.ExternalProjectsDataStorage - Loaded external projects data in 7 millis 
2018-10-16 14:33:37,374 [  40461]   INFO - tartup.impl.StartupManagerImpl - ExternalSystemStartupActivity run in 217ms under project opening modal progress 
2018-10-16 14:33:37,501 [  40588]   INFO - .diagnostic.PerformanceWatcher - Post-startup activities under progress took 4885ms; general responsiveness: ok; EDT responsiveness: 3/5 sluggish, 1/5 very slow 
2018-10-16 14:33:38,297 [  41384]   INFO - j.ide.ui.OptionsTopHitProvider - 447 ms spent to cache options in application 
2018-10-16 14:33:39,252 [  42339]   INFO -       ScriptTemplatesProviders - [kts] loading script definitions [] using cp:  
2018-10-16 14:33:40,119 [  43206]   INFO - tartup.impl.StartupManagerImpl - Some post-startup activities freeze UI for noticeable time. Please consider making them DumbAware to do them in background under modal progress, or just making them faster to speed up project opening. 
2018-10-16 14:33:40,121 [  43208]   INFO - tartup.impl.StartupManagerImpl - GradleStartupActivity run in 134ms on UI thread 
2018-10-16 14:33:40,187 [  43274]   INFO - tartup.impl.StartupManagerImpl - C:/Users/05849227954/IdeaProjects/untitled5/.idea case-sensitivity: expected=false actual=false 
2018-10-16 14:33:40,206 [  43293]   INFO - pl.projectlevelman.NewMappings - VCS Root: [] - [<Project>] 
2018-10-16 14:33:40,484 [  43571]   INFO - tor.impl.FileEditorManagerImpl - Project opening took 22429 ms 
2018-10-16 14:33:40,484 [  43571]   INFO - llij.ide.plugins.PluginManager - org.jetbrains.kotlin loaded 2503 classes 
2018-10-16 14:33:40,484 [  43571]   INFO - llij.ide.plugins.PluginManager - org.jetbrains.android loaded 1299 classes 
2018-10-16 14:33:40,484 [  43571]   INFO - llij.ide.plugins.PluginManager - org.intellij.groovy loaded 547 classes 
2018-10-16 14:33:40,484 [  43571]   INFO - llij.ide.plugins.PluginManager - com.intellij.uiDesigner loaded 226 classes 
2018-10-16 14:33:40,484 [  43571]   INFO - llij.ide.plugins.PluginManager - org.jetbrains.idea.maven loaded 209 classes 
2018-10-16 14:33:40,484 [  43571]   INFO - llij.ide.plugins.PluginManager - Git4Idea loaded 124 classes 
2018-10-16 14:33:40,484 [  43571]   INFO - llij.ide.plugins.PluginManager - org.jetbrains.debugger.streams loaded 107 classes 
2018-10-16 14:33:40,484 [  43571]   INFO - llij.ide.plugins.PluginManager - com.intellij.tasks loaded 104 classes 
2018-10-16 14:33:40,484 [  43571]   INFO - llij.ide.plugins.PluginManager - CVS loaded 79 classes 
2018-10-16 14:33:40,484 [  43571]   INFO - llij.ide.plugins.PluginManager - org.jetbrains.plugins.gradle loaded 78 classes 
2018-10-16 14:33:40,484 [  43571]   INFO - llij.ide.plugins.PluginManager - Subversion loaded 67 classes 
2018-10-16 14:33:40,484 [  43571]   INFO - llij.ide.plugins.PluginManager - XPathView loaded 67 classes 
2018-10-16 14:33:40,484 [  43571]   INFO - llij.ide.plugins.PluginManager - com.intellij.properties loaded 54 classes 
2018-10-16 14:33:40,484 [  43571]   INFO - llij.ide.plugins.PluginManager - hg4idea loaded 54 classes 
2018-10-16 14:33:40,484 [  43571]   INFO - llij.ide.plugins.PluginManager - DevKit loaded 45 classes 
2018-10-16 14:33:40,485 [  43572]   INFO - llij.ide.plugins.PluginManager - org.jetbrains.settingsRepository loaded 37 classes 
2018-10-16 14:33:40,485 [  43572]   INFO - llij.ide.plugins.PluginManager - Coverage loaded 33 classes 
2018-10-16 14:33:40,485 [  43572]   INFO - llij.ide.plugins.PluginManager - TestNG-J loaded 31 classes 
2018-10-16 14:33:40,485 [  43572]   INFO - llij.ide.plugins.PluginManager - AntSupport loaded 28 classes 
2018-10-16 14:33:40,485 [  43572]   INFO - llij.ide.plugins.PluginManager - org.jetbrains.plugins.github loaded 23 classes 
2018-10-16 14:33:40,485 [  43572]   INFO - llij.ide.plugins.PluginManager - org.jetbrains.plugins.javaFX loaded 21 classes 
2018-10-16 14:33:40,485 [  43572]   INFO - llij.ide.plugins.PluginManager - org.jetbrains.plugins.yaml loaded 18 classes 
2018-10-16 14:33:40,485 [  43572]   INFO - llij.ide.plugins.PluginManager - JUnit loaded 17 classes 
2018-10-16 14:33:40,485 [  43572]   INFO - llij.ide.plugins.PluginManager - org.editorconfig.editorconfigjetbrains loaded 16 classes 
2018-10-16 14:33:40,485 [  43572]   INFO - llij.ide.plugins.PluginManager - org.jetbrains.plugins.terminal loaded 11 classes 
2018-10-16 14:33:40,485 [  43572]   INFO - llij.ide.plugins.PluginManager - com.intellij.copyright loaded 8 classes 
2018-10-16 14:33:40,485 [  43572]   INFO - llij.ide.plugins.PluginManager - com.intellij.java-i18n loaded 7 classes 
2018-10-16 14:33:40,485 [  43572]   INFO - llij.ide.plugins.PluginManager - org.jetbrains.java.decompiler loaded 7 classes 
2018-10-16 14:33:40,485 [  43572]   INFO - llij.ide.plugins.PluginManager - com.android.tools.idea.smali loaded 5 classes 
2018-10-16 14:33:40,485 [  43572]   INFO - llij.ide.plugins.PluginManager - org.intellij.intelliLang loaded 5 classes 
2018-10-16 14:33:40,485 [  43572]   INFO - llij.ide.plugins.PluginManager - com.yuricfurusho loaded 3 classes 
2018-10-16 14:33:40,485 [  43572]   INFO - llij.ide.plugins.PluginManager - org.jetbrains.idea.eclipse loaded 3 classes 
2018-10-16 14:33:40,485 [  43572]   INFO - llij.ide.plugins.PluginManager - ByteCodeViewer loaded 2 classes 
2018-10-16 14:33:40,485 [  43572]   INFO - llij.ide.plugins.PluginManager - XSLT-Debugger loaded 2 classes 
2018-10-16 14:33:40,559 [  43646]   INFO - penapi.project.DumbServiceImpl - Running dumb mode task: com.android.tools.idea.res.ResourceFolderRepositoryFileCacheImpl$PruneTask@534ed0f 
2018-10-16 14:33:40,570 [  43657]   INFO - penapi.project.DumbServiceImpl - Running dumb mode task: com.android.tools.idea.res.ResourceFolderRepositoryFileCacheImpl$ManageLruProjectFilesTask@74a16837 
2018-10-16 14:33:41,664 [  44751]   INFO - penapi.project.DumbServiceImpl - updateFinished 
2018-10-16 14:33:41,666 [  44753]   INFO - g.FileBasedIndexProjectHandler - Has changed files: false; project=Project 'C:\Users\05849227954\IdeaProjects\untitled5' untitled5 
2018-10-16 14:33:42,075 [  45162]   INFO - penapi.project.DumbServiceImpl - Running dumb mode task: com.android.tools.idea.res.ResourceFolderRegistry$PopulateCachesTask@31b65372 
2018-10-16 14:33:42,144 [  45231]   INFO - penapi.project.DumbServiceImpl - updateFinished 
2018-10-16 14:33:42,147 [  45234]   INFO - g.FileBasedIndexProjectHandler - Has changed files: false; project=Project 'C:\Users\05849227954\IdeaProjects\untitled5' untitled5 
2018-10-16 14:33:42,521 [  45608]   INFO - CompilerWorkspaceConfiguration - Available processors: 4 
2018-10-16 14:37:17,708 [ 260795]   INFO - j.compiler.server.BuildManager - Clearing project build data because the project does not exist or was not opened for more than 30 days: C:\Users\05849227954\IdeaProjects\save-my-instances\build\idea-sandbox\system\compile-server\untitled5_ed5e40ca 
2018-10-16 14:37:43,275 [ 286362]   INFO - ntellij.internal.IconsLoadTime - IMG load time: total=297,00ms, average=2,97ms, median=12,19ms; number of icons: 100 
2018-10-16 15:32:22,596 [3565683]   INFO - rationStore.ComponentStoreImpl - Remove schemes directory codestyles 
2018-10-16 15:32:23,466 [3566553]   INFO - stubs.SerializationManagerImpl - START StubSerializationManager SHUTDOWN 
2018-10-16 15:32:23,467 [3566554]   INFO - stubs.SerializationManagerImpl - END StubSerializationManager SHUTDOWN 
2018-10-16 15:32:23,467 [3566554]   INFO - il.indexing.FileBasedIndexImpl - START INDEX SHUTDOWN 
2018-10-16 15:32:23,542 [3566629]   INFO - il.indexing.FileBasedIndexImpl - END INDEX SHUTDOWN 
2018-10-16 15:32:23,546 [3566633]   INFO - org.jetbrains.io.BuiltInServer - web server stopped 
2018-10-16 15:32:23,581 [3566668]   INFO - Types.impl.FileTypeManagerImpl - FileTypeManager: 0 auto-detected files
Elapsed time on auto-detect: 0 ms 
2018-10-16 15:32:23,588 [3566675]   INFO - pl.local.NativeFileWatcherImpl - Watcher terminated with exit code 0 
2018-10-16 15:32:23,590 [3566677]   INFO - newvfs.persistent.PersistentFS - VFS dispose started 
2018-10-16 15:32:23,617 [3566704]   INFO - newvfs.persistent.PersistentFS - VFS dispose completed 
2018-10-16 15:32:23,621 [3566708]   INFO - plication.impl.ApplicationImpl - Write action Statistics:
Event number:     60
Total time spent: 2483ms
Average duration: 41ms
Median  duration: 26ms
Max  duration:    234ms (it was 'write action (class com.intellij.openapi.application.WriteAction)') 
2018-10-16 15:32:23,623 [3566710]   INFO - plication.impl.ApplicationImpl - AnAction.update() Statistics:
Event number:     28582
Total time spent: 1133ms
Average duration: 0ms
Median  duration: 0ms
Max  duration:    238ms (it was 'Run context configuration action update (class com.intellij.execution.actions.RunContextAction)') 
2018-10-16 15:32:23,623 [3566710]   INFO - plication.impl.ApplicationImpl - Global instance threads created counter = 19; ProcessIOExecutorService threads: 3 
2018-10-16 15:32:23,632 [3566719]   INFO -        #com.intellij.idea.Main - ------------------------------------------------------ IDE SHUTDOWN ------------------------------------------------------ 
2018-10-16 15:32:23,648 [3566735]   INFO - org.jetbrains.io.BuiltInServer - web server stopped 
